{
  message: '\x1B[1m\x1B[4m\x1B[32mdb Connected successfully \x1B[39m\x1B[24m\x1B[22m',
  level: 'info',
  label: 'right meow!',
  timestamp: '2023-06-07T19:30:17.029Z'
}
{
  message: '\x1B[1m\x1B[32mserver app listening on port 5000\x1B[39m\x1B[22m',
  level: 'info',
  label: 'right meow!',
  timestamp: '2023-06-07T19:30:17.077Z'
}
{
  message: '\x1B[1m\x1B[4m\x1B[32mdb Connected successfully \x1B[39m\x1B[24m\x1B[22m',
  level: 'info',
  label: 'right meow!',
  timestamp: '2023-06-07T19:30:20.105Z'
}
{
  message: '\x1B[1m\x1B[32mserver app listening on port 5000\x1B[39m\x1B[22m',
  level: 'info',
  label: 'right meow!',
  timestamp: '2023-06-07T19:30:20.137Z'
}
{
  message: '\x1B[1m\x1B[4m\x1B[32mdb Connected successfully \x1B[39m\x1B[24m\x1B[22m',
  level: 'info',
  label: 'right meow!',
  timestamp: '2023-06-07T19:46:14.484Z'
}
{
  message: '\x1B[1m\x1B[32mserver app listening on port 5000\x1B[39m\x1B[22m',
  level: 'info',
  label: 'right meow!',
  timestamp: '2023-06-07T19:46:14.503Z'
}
{
  message: '\x1B[1m\x1B[4m\x1B[32mdb Connected successfully \x1B[39m\x1B[24m\x1B[22m',
  level: 'info',
  label: 'right meow!',
  timestamp: '2023-06-07T19:46:27.635Z'
}
{
  message: '\x1B[1m\x1B[32mserver app listening on port 5000\x1B[39m\x1B[22m',
  level: 'info',
  label: 'right meow!',
  timestamp: '2023-06-07T19:46:27.656Z'
}
{
  message: '\x1B[1m\x1B[4m\x1B[32mdb Connected successfully \x1B[39m\x1B[24m\x1B[22m',
  level: 'info',
  label: 'right meow!',
  timestamp: '2023-06-07T19:46:32.023Z'
}
{
  message: '\x1B[1m\x1B[32mserver app listening on port 5000\x1B[39m\x1B[22m',
  level: 'info',
  label: 'right meow!',
  timestamp: '2023-06-07T19:46:32.074Z'
}
{
  message: '\x1B[1m\x1B[4m\x1B[32mdb Connected successfully \x1B[39m\x1B[24m\x1B[22m',
  level: 'info',
  label: 'right meow!',
  timestamp: '2023-06-07T19:47:20.425Z'
}
{
  message: '\x1B[1m\x1B[32mserver app listening on port 5000\x1B[39m\x1B[22m',
  level: 'info',
  label: 'right meow!',
  timestamp: '2023-06-07T19:47:20.444Z'
}
{
  message: '\x1B[1m\x1B[4m\x1B[32mdb Connected successfully \x1B[39m\x1B[24m\x1B[22m',
  level: 'info',
  label: 'right meow!',
  timestamp: '2023-06-07T19:47:30.057Z'
}
{
  message: '\x1B[1m\x1B[32mserver app listening on port 5000\x1B[39m\x1B[22m',
  level: 'info',
  label: 'right meow!',
  timestamp: '2023-06-07T19:47:30.074Z'
}
{
  message: '\x1B[1m\x1B[4m\x1B[32mdb Connected successfully \x1B[39m\x1B[24m\x1B[22m',
  level: 'info',
  label: 'right meow!',
  timestamp: '2023-06-07T19:47:55.111Z'
}
{
  message: '\x1B[1m\x1B[32mserver app listening on port 5000\x1B[39m\x1B[22m',
  level: 'info',
  label: 'right meow!',
  timestamp: '2023-06-07T19:47:55.134Z'
}
{
  message: '\x1B[1m\x1B[4m\x1B[32mdb Connected successfully \x1B[39m\x1B[24m\x1B[22m',
  level: 'info',
  label: 'right meow!',
  timestamp: '2023-06-07T19:50:25.660Z'
}
{
  message: '\x1B[1m\x1B[32mserver app listening on port 5000\x1B[39m\x1B[22m',
  level: 'info',
  label: 'right meow!',
  timestamp: '2023-06-07T19:50:25.679Z'
}
{
  message: '\x1B[1m\x1B[4m\x1B[32mdb Connected successfully \x1B[39m\x1B[24m\x1B[22m',
  level: 'info',
  label: 'right meow!',
  timestamp: '2023-06-07T19:50:48.569Z'
}
{
  message: '\x1B[1m\x1B[32mserver app listening on port 5000\x1B[39m\x1B[22m',
  level: 'info',
  label: 'right meow!',
  timestamp: '2023-06-07T19:50:48.592Z'
}
{
  message: '\x1B[1m\x1B[4m\x1B[32mdb Connected successfully \x1B[39m\x1B[24m\x1B[22m',
  level: 'info',
  label: 'right meow!',
  timestamp: '2023-06-07T19:51:05.484Z'
}
{
  message: '\x1B[1m\x1B[32mserver app listening on port 5000\x1B[39m\x1B[22m',
  level: 'info',
  label: 'right meow!',
  timestamp: '2023-06-07T19:51:05.502Z'
}
{
  message: '\x1B[1m\x1B[4m\x1B[32mdb Connected successfully \x1B[39m\x1B[24m\x1B[22m',
  level: 'info',
  label: 'right meow!',
  timestamp: '2023-06-07T19:51:15.809Z'
}
{
  message: '\x1B[1m\x1B[32mserver app listening on port 5000\x1B[39m\x1B[22m',
  level: 'info',
  label: 'right meow!',
  timestamp: '2023-06-07T19:51:15.824Z'
}
{
  message: '\x1B[1m\x1B[4m\x1B[32mdb Connected successfully \x1B[39m\x1B[24m\x1B[22m',
  level: 'info',
  label: 'right meow!',
  timestamp: '2023-06-07T19:51:33.184Z'
}
{
  message: '\x1B[1m\x1B[32mserver app listening on port 5000\x1B[39m\x1B[22m',
  level: 'info',
  label: 'right meow!',
  timestamp: '2023-06-07T19:51:33.206Z'
}
{
  message: '\x1B[1m\x1B[4m\x1B[32mdb Connected successfully \x1B[39m\x1B[24m\x1B[22m',
  level: 'info',
  label: 'right meow!',
  timestamp: '2023-06-07T19:51:46.881Z'
}
{
  message: '\x1B[1m\x1B[32mserver app listening on port 5000\x1B[39m\x1B[22m',
  level: 'info',
  label: 'right meow!',
  timestamp: '2023-06-07T19:51:46.900Z'
}
{
  message: '\x1B[1m\x1B[4m\x1B[32mdb Connected successfully \x1B[39m\x1B[24m\x1B[22m',
  level: 'info',
  label: 'right meow!',
  timestamp: '2023-06-07T19:51:51.757Z'
}
{
  message: '\x1B[1m\x1B[32mserver app listening on port 5000\x1B[39m\x1B[22m',
  level: 'info',
  label: 'right meow!',
  timestamp: '2023-06-07T19:51:51.786Z'
}
{
  message: '\x1B[1m\x1B[4m\x1B[32mdb Connected successfully \x1B[39m\x1B[24m\x1B[22m',
  level: 'info',
  label: 'right meow!',
  timestamp: '2023-06-07T19:51:58.246Z'
}
{
  message: '\x1B[1m\x1B[32mserver app listening on port 5000\x1B[39m\x1B[22m',
  level: 'info',
  label: 'right meow!',
  timestamp: '2023-06-07T19:51:58.264Z'
}
{
  message: '\x1B[1m\x1B[4m\x1B[32mdb Connected successfully \x1B[39m\x1B[24m\x1B[22m',
  level: 'info',
  label: 'right meow!',
  timestamp: '2023-06-07T19:52:04.318Z'
}
{
  message: '\x1B[1m\x1B[32mserver app listening on port 5000\x1B[39m\x1B[22m',
  level: 'info',
  label: 'right meow!',
  timestamp: '2023-06-07T19:52:04.341Z'
}
{
  message: '\x1B[1m\x1B[4m\x1B[32mdb Connected successfully \x1B[39m\x1B[24m\x1B[22m',
  level: 'info',
  label: 'right meow!',
  timestamp: '2023-06-07T19:52:13.125Z'
}
{
  message: '\x1B[1m\x1B[32mserver app listening on port 5000\x1B[39m\x1B[22m',
  level: 'info',
  label: 'right meow!',
  timestamp: '2023-06-07T19:52:13.141Z'
}
{
  message: '\x1B[1m\x1B[4m\x1B[32mdb Connected successfully \x1B[39m\x1B[24m\x1B[22m',
  level: 'info',
  label: 'right meow!',
  timestamp: '2023-06-07T19:52:20.852Z'
}
{
  message: '\x1B[1m\x1B[32mserver app listening on port 5000\x1B[39m\x1B[22m',
  level: 'info',
  label: 'right meow!',
  timestamp: '2023-06-07T19:52:20.869Z'
}
{
  message: '\x1B[1m\x1B[4m\x1B[32mdb Connected successfully \x1B[39m\x1B[24m\x1B[22m',
  level: 'info',
  label: 'right meow!',
  timestamp: '2023-06-07T19:57:47.042Z'
}
{
  message: '\x1B[1m\x1B[32mserver app listening on port 5000\x1B[39m\x1B[22m',
  level: 'info',
  label: 'right meow!',
  timestamp: '2023-06-07T19:57:47.065Z'
}
{
  message: '\x1B[1m\x1B[4m\x1B[32mdb Connected successfully \x1B[39m\x1B[24m\x1B[22m',
  level: 'info',
  label: 'right meow!',
  timestamp: '2023-06-07T19:57:59.570Z'
}
{
  message: '\x1B[1m\x1B[32mserver app listening on port 5000\x1B[39m\x1B[22m',
  level: 'info',
  label: 'right meow!',
  timestamp: '2023-06-07T19:57:59.587Z'
}
{
  message: '\x1B[1m\x1B[4m\x1B[32mdb Connected successfully \x1B[39m\x1B[24m\x1B[22m',
  level: 'info',
  label: 'right meow!',
  timestamp: '2023-06-07T19:58:07.029Z'
}
{
  message: '\x1B[1m\x1B[32mserver app listening on port 5000\x1B[39m\x1B[22m',
  level: 'info',
  label: 'right meow!',
  timestamp: '2023-06-07T19:58:07.050Z'
}
{
  message: '\x1B[1m\x1B[4m\x1B[32mdb Connected successfully \x1B[39m\x1B[24m\x1B[22m',
  level: 'info',
  label: 'right meow!',
  timestamp: '2023-06-07T19:58:26.249Z'
}
{
  message: '\x1B[1m\x1B[32mserver app listening on port 5000\x1B[39m\x1B[22m',
  level: 'info',
  label: 'right meow!',
  timestamp: '2023-06-07T19:58:26.265Z'
}
{
  message: '\x1B[1m\x1B[4m\x1B[32mdb Connected successfully \x1B[39m\x1B[24m\x1B[22m',
  level: 'info',
  label: 'right meow!',
  timestamp: '2023-06-07T19:58:45.460Z'
}
{
  message: '\x1B[1m\x1B[32mserver app listening on port 5000\x1B[39m\x1B[22m',
  level: 'info',
  label: 'right meow!',
  timestamp: '2023-06-07T19:58:45.475Z'
}
{
  message: '\x1B[1m\x1B[4m\x1B[32mdb Connected successfully \x1B[39m\x1B[24m\x1B[22m',
  level: 'info',
  label: 'right meow!',
  timestamp: '2023-06-07T19:59:27.207Z'
}
{
  message: '\x1B[1m\x1B[32mserver app listening on port 5000\x1B[39m\x1B[22m',
  level: 'info',
  label: 'right meow!',
  timestamp: '2023-06-07T19:59:27.231Z'
}
