{
  code: 'EADDRINUSE',
  errno: -4091,
  syscall: 'listen',
  address: '::',
  port: 5000,
  level: 'error',
  message: 'UnCaught rejection is detected from serve.ts listen EADDRINUSE: address already in use :::5000',
  stack: 'Error: listen EADDRINUSE: address already in use :::5000\n' +
    '    at Server.setupListenHandle [as _listen2] (node:net:1432:16)\n' +
    '    at listenInCluster (node:net:1480:12)\n' +
    '    at Server.listen (node:net:1568:7)\n' +
    '    at Function.listen (C:\\WEB\\private_project\\READY-PROJECTS\\ready-serversOne\\node_modules\\express\\lib\\application.js:635:24)\n' +
    '    at C:\\WEB\\private_project\\READY-PROJECTS\\ready-serversOne\\src\\server.ts:26:18\n' +
    '    at Generator.next (<anonymous>)\n' +
    '    at fulfilled (C:\\WEB\\private_project\\READY-PROJECTS\\ready-serversOne\\src\\server.ts:5:58)\n' +
    '    at processTicksAndRejections (node:internal/process/task_queues:96:5)',
  label: 'right meow!',
  timestamp: '2023-07-14T21:00:42.886Z'
}
{
  code: 'EADDRINUSE',
  errno: -4091,
  syscall: 'listen',
  address: '::',
  port: 5000,
  level: 'error',
  message: 'UnCaught rejection is detected from serve.ts listen EADDRINUSE: address already in use :::5000',
  stack: 'Error: listen EADDRINUSE: address already in use :::5000\n' +
    '    at Server.setupListenHandle [as _listen2] (node:net:1432:16)\n' +
    '    at listenInCluster (node:net:1480:12)\n' +
    '    at Server.listen (node:net:1568:7)\n' +
    '    at Function.listen (C:\\WEB\\private_project\\READY-PROJECTS\\ready-serversOne\\node_modules\\express\\lib\\application.js:635:24)\n' +
    '    at C:\\WEB\\private_project\\READY-PROJECTS\\ready-serversOne\\src\\server.ts:26:18\n' +
    '    at Generator.next (<anonymous>)\n' +
    '    at fulfilled (C:\\WEB\\private_project\\READY-PROJECTS\\ready-serversOne\\src\\server.ts:5:58)\n' +
    '    at processTicksAndRejections (node:internal/process/task_queues:96:5)',
  label: 'right meow!',
  timestamp: '2023-07-14T21:01:29.905Z'
}
{
  code: 'EADDRINUSE',
  errno: -4091,
  syscall: 'listen',
  address: '::',
  port: 5000,
  level: 'error',
  message: 'UnCaught rejection is detected from serve.ts listen EADDRINUSE: address already in use :::5000',
  stack: 'Error: listen EADDRINUSE: address already in use :::5000\n' +
    '    at Server.setupListenHandle [as _listen2] (node:net:1432:16)\n' +
    '    at listenInCluster (node:net:1480:12)\n' +
    '    at Server.listen (node:net:1568:7)\n' +
    '    at Function.listen (C:\\WEB\\private_project\\READY-PROJECTS\\ready-serversOne\\node_modules\\express\\lib\\application.js:635:24)\n' +
    '    at C:\\WEB\\private_project\\READY-PROJECTS\\ready-serversOne\\src\\server.ts:26:18\n' +
    '    at Generator.next (<anonymous>)\n' +
    '    at fulfilled (C:\\WEB\\private_project\\READY-PROJECTS\\ready-serversOne\\src\\server.ts:5:58)\n' +
    '    at processTicksAndRejections (node:internal/process/task_queues:96:5)',
  label: 'right meow!',
  timestamp: '2023-07-14T21:04:21.142Z'
}
{
  code: 'EADDRINUSE',
  errno: -4091,
  syscall: 'listen',
  address: '::',
  port: 5000,
  level: 'error',
  message: 'UnCaught rejection is detected from serve.ts listen EADDRINUSE: address already in use :::5000',
  stack: 'Error: listen EADDRINUSE: address already in use :::5000\n' +
    '    at Server.setupListenHandle [as _listen2] (node:net:1432:16)\n' +
    '    at listenInCluster (node:net:1480:12)\n' +
    '    at Server.listen (node:net:1568:7)\n' +
    '    at Function.listen (C:\\WEB\\private_project\\READY-PROJECTS\\ready-serversOne\\node_modules\\express\\lib\\application.js:635:24)\n' +
    '    at C:\\WEB\\private_project\\READY-PROJECTS\\ready-serversOne\\src\\server.ts:26:18\n' +
    '    at Generator.next (<anonymous>)\n' +
    '    at fulfilled (C:\\WEB\\private_project\\READY-PROJECTS\\ready-serversOne\\src\\server.ts:5:58)\n' +
    '    at processTicksAndRejections (node:internal/process/task_queues:96:5)',
  label: 'right meow!',
  timestamp: '2023-07-14T21:04:35.834Z'
}
{
  code: 'EADDRINUSE',
  errno: -4091,
  syscall: 'listen',
  address: '::',
  port: 5000,
  level: 'error',
  message: 'UnCaught rejection is detected from serve.ts listen EADDRINUSE: address already in use :::5000',
  stack: 'Error: listen EADDRINUSE: address already in use :::5000\n' +
    '    at Server.setupListenHandle [as _listen2] (node:net:1432:16)\n' +
    '    at listenInCluster (node:net:1480:12)\n' +
    '    at Server.listen (node:net:1568:7)\n' +
    '    at Function.listen (C:\\WEB\\private_project\\READY-PROJECTS\\ready-serversOne\\node_modules\\express\\lib\\application.js:635:24)\n' +
    '    at C:\\WEB\\private_project\\READY-PROJECTS\\ready-serversOne\\src\\server.ts:26:18\n' +
    '    at Generator.next (<anonymous>)\n' +
    '    at fulfilled (C:\\WEB\\private_project\\READY-PROJECTS\\ready-serversOne\\src\\server.ts:5:58)\n' +
    '    at processTicksAndRejections (node:internal/process/task_queues:96:5)',
  label: 'right meow!',
  timestamp: '2023-07-14T21:09:34.806Z'
}
{
  code: 'EADDRINUSE',
  errno: -4091,
  syscall: 'listen',
  address: '::',
  port: 5000,
  level: 'error',
  message: 'UnCaught rejection is detected from serve.ts listen EADDRINUSE: address already in use :::5000',
  stack: 'Error: listen EADDRINUSE: address already in use :::5000\n' +
    '    at Server.setupListenHandle [as _listen2] (node:net:1432:16)\n' +
    '    at listenInCluster (node:net:1480:12)\n' +
    '    at Server.listen (node:net:1568:7)\n' +
    '    at Function.listen (C:\\WEB\\private_project\\READY-PROJECTS\\ready-serversOne\\node_modules\\express\\lib\\application.js:635:24)\n' +
    '    at C:\\WEB\\private_project\\READY-PROJECTS\\ready-serversOne\\src\\server.ts:26:18\n' +
    '    at Generator.next (<anonymous>)\n' +
    '    at fulfilled (C:\\WEB\\private_project\\READY-PROJECTS\\ready-serversOne\\src\\server.ts:5:58)\n' +
    '    at processTicksAndRejections (node:internal/process/task_queues:96:5)',
  label: 'right meow!',
  timestamp: '2023-07-14T21:09:41.636Z'
}
{
  code: 'EADDRINUSE',
  errno: -4091,
  syscall: 'listen',
  address: '::',
  port: 5000,
  level: 'error',
  message: 'UnCaught rejection is detected from serve.ts listen EADDRINUSE: address already in use :::5000',
  stack: 'Error: listen EADDRINUSE: address already in use :::5000\n' +
    '    at Server.setupListenHandle [as _listen2] (node:net:1432:16)\n' +
    '    at listenInCluster (node:net:1480:12)\n' +
    '    at Server.listen (node:net:1568:7)\n' +
    '    at Function.listen (C:\\WEB\\private_project\\READY-PROJECTS\\ready-serversOne\\node_modules\\express\\lib\\application.js:635:24)\n' +
    '    at C:\\WEB\\private_project\\READY-PROJECTS\\ready-serversOne\\src\\server.ts:26:18\n' +
    '    at Generator.next (<anonymous>)\n' +
    '    at fulfilled (C:\\WEB\\private_project\\READY-PROJECTS\\ready-serversOne\\src\\server.ts:5:58)\n' +
    '    at processTicksAndRejections (node:internal/process/task_queues:96:5)',
  label: 'right meow!',
  timestamp: '2023-07-14T21:09:54.376Z'
}
