{
  level: 'error',
  message: '\x1B[4m\x1B[31mfailed to connect \x1B[39m\x1B[24m The `uri` parameter to `openUri()` must be a string, got "undefined". Make sure the first parameter to `mongoose.connect()` or `mongoose.createConnection()` is a string.',
  stack: 'MongooseError: The `uri` parameter to `openUri()` must be a string, got "undefined". Make sure the first parameter to `mongoose.connect()` or `mongoose.createConnection()` is a string.\n' +
    '    at _createMongoClient (C:\\WEB\\private_project\\READY-PROJECTS\\ready-serversOne\\node_modules\\mongoose\\lib\\connection.js:805:11)\n' +
    '    at NativeConnection.openUri (C:\\WEB\\private_project\\READY-PROJECTS\\ready-serversOne\\node_modules\\mongoose\\lib\\connection.js:742:29)\n' +
    '    at Mongoose.connect (C:\\WEB\\private_project\\READY-PROJECTS\\ready-serversOne\\node_modules\\mongoose\\lib\\index.js:406:15)\n' +
    '    at C:\\WEB\\private_project\\READY-PROJECTS\\ready-serversOne\\src\\server.ts:20:20\n' +
    '    at Generator.next (<anonymous>)\n' +
    '    at C:\\WEB\\private_project\\READY-PROJECTS\\ready-serversOne\\src\\server.ts:8:71\n' +
    '    at new Promise (<anonymous>)\n' +
    '    at __awaiter (C:\\WEB\\private_project\\READY-PROJECTS\\ready-serversOne\\src\\server.ts:4:12)\n' +
    '    at mainFUnction (C:\\WEB\\private_project\\READY-PROJECTS\\ready-serversOne\\src\\server.ts:28:12)\n' +
    '    at Object.<anonymous> (C:\\WEB\\private_project\\READY-PROJECTS\\ready-serversOne\\src\\server.ts:59:1)',
  label: 'right meow!',
  timestamp: '2023-07-14T20:56:31.140Z'
}
{
  level: 'error',
  message: '\x1B[4m\x1B[31mfailed to connect \x1B[39m\x1B[24m The `uri` parameter to `openUri()` must be a string, got "undefined". Make sure the first parameter to `mongoose.connect()` or `mongoose.createConnection()` is a string.',
  stack: 'MongooseError: The `uri` parameter to `openUri()` must be a string, got "undefined". Make sure the first parameter to `mongoose.connect()` or `mongoose.createConnection()` is a string.\n' +
    '    at _createMongoClient (C:\\WEB\\private_project\\READY-PROJECTS\\ready-serversOne\\node_modules\\mongoose\\lib\\connection.js:805:11)\n' +
    '    at NativeConnection.openUri (C:\\WEB\\private_project\\READY-PROJECTS\\ready-serversOne\\node_modules\\mongoose\\lib\\connection.js:742:29)\n' +
    '    at Mongoose.connect (C:\\WEB\\private_project\\READY-PROJECTS\\ready-serversOne\\node_modules\\mongoose\\lib\\index.js:406:15)\n' +
    '    at C:\\WEB\\private_project\\READY-PROJECTS\\ready-serversOne\\src\\server.ts:20:20\n' +
    '    at Generator.next (<anonymous>)\n' +
    '    at C:\\WEB\\private_project\\READY-PROJECTS\\ready-serversOne\\src\\server.ts:8:71\n' +
    '    at new Promise (<anonymous>)\n' +
    '    at __awaiter (C:\\WEB\\private_project\\READY-PROJECTS\\ready-serversOne\\src\\server.ts:4:12)\n' +
    '    at mainFUnction (C:\\WEB\\private_project\\READY-PROJECTS\\ready-serversOne\\src\\server.ts:28:12)\n' +
    '    at Object.<anonymous> (C:\\WEB\\private_project\\READY-PROJECTS\\ready-serversOne\\src\\server.ts:59:1)',
  label: 'right meow!',
  timestamp: '2023-07-14T20:59:10.148Z'
}
{
  level: 'error',
  message: '\x1B[4m\x1B[31mfailed to connect \x1B[39m\x1B[24m The `uri` parameter to `openUri()` must be a string, got "undefined". Make sure the first parameter to `mongoose.connect()` or `mongoose.createConnection()` is a string.',
  stack: 'MongooseError: The `uri` parameter to `openUri()` must be a string, got "undefined". Make sure the first parameter to `mongoose.connect()` or `mongoose.createConnection()` is a string.\n' +
    '    at _createMongoClient (C:\\WEB\\private_project\\READY-PROJECTS\\ready-serversOne\\node_modules\\mongoose\\lib\\connection.js:805:11)\n' +
    '    at NativeConnection.openUri (C:\\WEB\\private_project\\READY-PROJECTS\\ready-serversOne\\node_modules\\mongoose\\lib\\connection.js:742:29)\n' +
    '    at Mongoose.connect (C:\\WEB\\private_project\\READY-PROJECTS\\ready-serversOne\\node_modules\\mongoose\\lib\\index.js:406:15)\n' +
    '    at C:\\WEB\\private_project\\READY-PROJECTS\\ready-serversOne\\src\\server.ts:20:20\n' +
    '    at Generator.next (<anonymous>)\n' +
    '    at C:\\WEB\\private_project\\READY-PROJECTS\\ready-serversOne\\src\\server.ts:8:71\n' +
    '    at new Promise (<anonymous>)\n' +
    '    at __awaiter (C:\\WEB\\private_project\\READY-PROJECTS\\ready-serversOne\\src\\server.ts:4:12)\n' +
    '    at mainFUnction (C:\\WEB\\private_project\\READY-PROJECTS\\ready-serversOne\\src\\server.ts:28:12)\n' +
    '    at Object.<anonymous> (C:\\WEB\\private_project\\READY-PROJECTS\\ready-serversOne\\src\\server.ts:59:1)',
  label: 'right meow!',
  timestamp: '2023-07-14T20:59:39.555Z'
}
