{
  message: '\x1B[1m\x1B[4m\x1B[32mdb Connected successfully \x1B[39m\x1B[24m\x1B[22m',
  level: 'info',
  label: 'right meow!',
  timestamp: '2023-06-14T09:40:59.808Z'
}
{
  message: '\x1B[1m\x1B[32mserver app listening on port 5000\x1B[39m\x1B[22m',
  level: 'info',
  label: 'right meow!',
  timestamp: '2023-06-14T09:40:59.833Z'
}
{
  message: '\x1B[1m\x1B[4m\x1B[32mdb Connected successfully \x1B[39m\x1B[24m\x1B[22m',
  level: 'info',
  label: 'right meow!',
  timestamp: '2023-06-14T09:41:55.269Z'
}
{
  message: '\x1B[1m\x1B[32mserver app listening on port 5000\x1B[39m\x1B[22m',
  level: 'info',
  label: 'right meow!',
  timestamp: '2023-06-14T09:41:55.315Z'
}
{
  message: '\x1B[1m\x1B[4m\x1B[32mdb Connected successfully \x1B[39m\x1B[24m\x1B[22m',
  level: 'info',
  label: 'right meow!',
  timestamp: '2023-06-14T09:42:08.787Z'
}
{
  message: '\x1B[1m\x1B[32mserver app listening on port 5000\x1B[39m\x1B[22m',
  level: 'info',
  label: 'right meow!',
  timestamp: '2023-06-14T09:42:08.803Z'
}
{
  message: '\x1B[1m\x1B[4m\x1B[32mdb Connected successfully \x1B[39m\x1B[24m\x1B[22m',
  level: 'info',
  label: 'right meow!',
  timestamp: '2023-06-14T09:42:49.124Z'
}
{
  message: '\x1B[1m\x1B[32mserver app listening on port 5000\x1B[39m\x1B[22m',
  level: 'info',
  label: 'right meow!',
  timestamp: '2023-06-14T09:42:49.150Z'
}
{
  message: '\x1B[1m\x1B[4m\x1B[32mdb Connected successfully \x1B[39m\x1B[24m\x1B[22m',
  level: 'info',
  label: 'right meow!',
  timestamp: '2023-06-14T09:43:35.296Z'
}
{
  message: '\x1B[1m\x1B[32mserver app listening on port 5000\x1B[39m\x1B[22m',
  level: 'info',
  label: 'right meow!',
  timestamp: '2023-06-14T09:43:35.318Z'
}
{
  message: '\x1B[1m\x1B[4m\x1B[32mdb Connected successfully \x1B[39m\x1B[24m\x1B[22m',
  level: 'info',
  label: 'right meow!',
  timestamp: '2023-06-14T09:43:49.703Z'
}
{
  message: '\x1B[1m\x1B[32mserver app listening on port 5000\x1B[39m\x1B[22m',
  level: 'info',
  label: 'right meow!',
  timestamp: '2023-06-14T09:43:49.734Z'
}
{
  message: '\x1B[1m\x1B[4m\x1B[32mdb Connected successfully \x1B[39m\x1B[24m\x1B[22m',
  level: 'info',
  label: 'right meow!',
  timestamp: '2023-06-14T09:43:59.129Z'
}
{
  message: '\x1B[1m\x1B[32mserver app listening on port 5000\x1B[39m\x1B[22m',
  level: 'info',
  label: 'right meow!',
  timestamp: '2023-06-14T09:43:59.159Z'
}
{
  message: '\x1B[1m\x1B[4m\x1B[32mdb Connected successfully \x1B[39m\x1B[24m\x1B[22m',
  level: 'info',
  label: 'right meow!',
  timestamp: '2023-06-14T09:44:02.756Z'
}
{
  message: '\x1B[1m\x1B[32mserver app listening on port 5000\x1B[39m\x1B[22m',
  level: 'info',
  label: 'right meow!',
  timestamp: '2023-06-14T09:44:02.783Z'
}
{
  message: '\x1B[1m\x1B[4m\x1B[32mdb Connected successfully \x1B[39m\x1B[24m\x1B[22m',
  level: 'info',
  label: 'right meow!',
  timestamp: '2023-06-14T09:44:07.313Z'
}
{
  message: '\x1B[1m\x1B[32mserver app listening on port 5000\x1B[39m\x1B[22m',
  level: 'info',
  label: 'right meow!',
  timestamp: '2023-06-14T09:44:07.352Z'
}
{
  message: '\x1B[1m\x1B[4m\x1B[32mdb Connected successfully \x1B[39m\x1B[24m\x1B[22m',
  level: 'info',
  label: 'right meow!',
  timestamp: '2023-06-14T09:44:57.732Z'
}
{
  message: '\x1B[1m\x1B[32mserver app listening on port 5000\x1B[39m\x1B[22m',
  level: 'info',
  label: 'right meow!',
  timestamp: '2023-06-14T09:44:57.771Z'
}
{
  message: '\x1B[1m\x1B[4m\x1B[32mdb Connected successfully \x1B[39m\x1B[24m\x1B[22m',
  level: 'info',
  label: 'right meow!',
  timestamp: '2023-06-14T09:45:02.846Z'
}
{
  message: '\x1B[1m\x1B[32mserver app listening on port 5000\x1B[39m\x1B[22m',
  level: 'info',
  label: 'right meow!',
  timestamp: '2023-06-14T09:45:02.905Z'
}
{
  message: '\x1B[1m\x1B[4m\x1B[32mdb Connected successfully \x1B[39m\x1B[24m\x1B[22m',
  level: 'info',
  label: 'right meow!',
  timestamp: '2023-06-14T09:45:10.538Z'
}
{
  message: '\x1B[1m\x1B[32mserver app listening on port 5000\x1B[39m\x1B[22m',
  level: 'info',
  label: 'right meow!',
  timestamp: '2023-06-14T09:45:10.647Z'
}
{
  message: '\x1B[1m\x1B[4m\x1B[32mdb Connected successfully \x1B[39m\x1B[24m\x1B[22m',
  level: 'info',
  label: 'right meow!',
  timestamp: '2023-06-14T09:45:13.779Z'
}
{
  message: '\x1B[1m\x1B[32mserver app listening on port 5000\x1B[39m\x1B[22m',
  level: 'info',
  label: 'right meow!',
  timestamp: '2023-06-14T09:45:13.804Z'
}
{
  message: '\x1B[1m\x1B[4m\x1B[32mdb Connected successfully \x1B[39m\x1B[24m\x1B[22m',
  level: 'info',
  label: 'right meow!',
  timestamp: '2023-06-14T09:45:46.513Z'
}
{
  message: '\x1B[1m\x1B[32mserver app listening on port 5000\x1B[39m\x1B[22m',
  level: 'info',
  label: 'right meow!',
  timestamp: '2023-06-14T09:45:46.533Z'
}
{
  message: '\x1B[1m\x1B[4m\x1B[32mdb Connected successfully \x1B[39m\x1B[24m\x1B[22m',
  level: 'info',
  label: 'right meow!',
  timestamp: '2023-06-14T09:46:03.183Z'
}
{
  message: '\x1B[1m\x1B[32mserver app listening on port 5000\x1B[39m\x1B[22m',
  level: 'info',
  label: 'right meow!',
  timestamp: '2023-06-14T09:46:03.224Z'
}
{
  message: '\x1B[1m\x1B[4m\x1B[32mdb Connected successfully \x1B[39m\x1B[24m\x1B[22m',
  level: 'info',
  label: 'right meow!',
  timestamp: '2023-06-14T09:46:18.948Z'
}
{
  message: '\x1B[1m\x1B[32mserver app listening on port 5000\x1B[39m\x1B[22m',
  level: 'info',
  label: 'right meow!',
  timestamp: '2023-06-14T09:46:19.118Z'
}
{
  message: '\x1B[1m\x1B[4m\x1B[32mdb Connected successfully \x1B[39m\x1B[24m\x1B[22m',
  level: 'info',
  label: 'right meow!',
  timestamp: '2023-06-14T09:46:24.074Z'
}
{
  message: '\x1B[1m\x1B[32mserver app listening on port 5000\x1B[39m\x1B[22m',
  level: 'info',
  label: 'right meow!',
  timestamp: '2023-06-14T09:46:24.103Z'
}
{
  message: '\x1B[1m\x1B[4m\x1B[32mdb Connected successfully \x1B[39m\x1B[24m\x1B[22m',
  level: 'info',
  label: 'right meow!',
  timestamp: '2023-06-14T09:46:35.551Z'
}
{
  message: '\x1B[1m\x1B[32mserver app listening on port 5000\x1B[39m\x1B[22m',
  level: 'info',
  label: 'right meow!',
  timestamp: '2023-06-14T09:46:35.661Z'
}
{
  message: '\x1B[1m\x1B[4m\x1B[32mdb Connected successfully \x1B[39m\x1B[24m\x1B[22m',
  level: 'info',
  label: 'right meow!',
  timestamp: '2023-06-14T09:46:38.496Z'
}
{
  message: '\x1B[1m\x1B[32mserver app listening on port 5000\x1B[39m\x1B[22m',
  level: 'info',
  label: 'right meow!',
  timestamp: '2023-06-14T09:46:38.520Z'
}
{
  message: '\x1B[1m\x1B[4m\x1B[32mdb Connected successfully \x1B[39m\x1B[24m\x1B[22m',
  level: 'info',
  label: 'right meow!',
  timestamp: '2023-06-14T09:46:49.248Z'
}
{
  message: '\x1B[1m\x1B[32mserver app listening on port 5000\x1B[39m\x1B[22m',
  level: 'info',
  label: 'right meow!',
  timestamp: '2023-06-14T09:46:49.271Z'
}
{
  message: '\x1B[1m\x1B[4m\x1B[32mdb Connected successfully \x1B[39m\x1B[24m\x1B[22m',
  level: 'info',
  label: 'right meow!',
  timestamp: '2023-06-14T09:47:05.555Z'
}
{
  message: '\x1B[1m\x1B[32mserver app listening on port 5000\x1B[39m\x1B[22m',
  level: 'info',
  label: 'right meow!',
  timestamp: '2023-06-14T09:47:05.575Z'
}
{
  message: '\x1B[1m\x1B[4m\x1B[32mdb Connected successfully \x1B[39m\x1B[24m\x1B[22m',
  level: 'info',
  label: 'right meow!',
  timestamp: '2023-06-14T09:48:56.549Z'
}
{
  message: '\x1B[1m\x1B[32mserver app listening on port 5000\x1B[39m\x1B[22m',
  level: 'info',
  label: 'right meow!',
  timestamp: '2023-06-14T09:48:56.577Z'
}
{
  message: '\x1B[1m\x1B[4m\x1B[32mdb Connected successfully \x1B[39m\x1B[24m\x1B[22m',
  level: 'info',
  label: 'right meow!',
  timestamp: '2023-06-14T09:49:08.693Z'
}
{
  message: '\x1B[1m\x1B[32mserver app listening on port 5000\x1B[39m\x1B[22m',
  level: 'info',
  label: 'right meow!',
  timestamp: '2023-06-14T09:49:08.723Z'
}
{
  message: '\x1B[1m\x1B[4m\x1B[32mdb Connected successfully \x1B[39m\x1B[24m\x1B[22m',
  level: 'info',
  label: 'right meow!',
  timestamp: '2023-06-14T09:49:15.745Z'
}
{
  message: '\x1B[1m\x1B[32mserver app listening on port 5000\x1B[39m\x1B[22m',
  level: 'info',
  label: 'right meow!',
  timestamp: '2023-06-14T09:49:15.773Z'
}
{
  message: '\x1B[1m\x1B[4m\x1B[32mdb Connected successfully \x1B[39m\x1B[24m\x1B[22m',
  level: 'info',
  label: 'right meow!',
  timestamp: '2023-06-14T09:49:27.464Z'
}
{
  message: '\x1B[1m\x1B[32mserver app listening on port 5000\x1B[39m\x1B[22m',
  level: 'info',
  label: 'right meow!',
  timestamp: '2023-06-14T09:49:27.490Z'
}
{
  message: '\x1B[1m\x1B[4m\x1B[32mdb Connected successfully \x1B[39m\x1B[24m\x1B[22m',
  level: 'info',
  label: 'right meow!',
  timestamp: '2023-06-14T09:49:32.975Z'
}
{
  message: '\x1B[1m\x1B[32mserver app listening on port 5000\x1B[39m\x1B[22m',
  level: 'info',
  label: 'right meow!',
  timestamp: '2023-06-14T09:49:33.004Z'
}
{
  message: '\x1B[1m\x1B[4m\x1B[32mdb Connected successfully \x1B[39m\x1B[24m\x1B[22m',
  level: 'info',
  label: 'right meow!',
  timestamp: '2023-06-14T09:49:39.599Z'
}
{
  message: '\x1B[1m\x1B[32mserver app listening on port 5000\x1B[39m\x1B[22m',
  level: 'info',
  label: 'right meow!',
  timestamp: '2023-06-14T09:49:39.665Z'
}
{
  message: '\x1B[1m\x1B[4m\x1B[32mdb Connected successfully \x1B[39m\x1B[24m\x1B[22m',
  level: 'info',
  label: 'right meow!',
  timestamp: '2023-06-14T09:49:49.332Z'
}
{
  message: '\x1B[1m\x1B[32mserver app listening on port 5000\x1B[39m\x1B[22m',
  level: 'info',
  label: 'right meow!',
  timestamp: '2023-06-14T09:49:49.352Z'
}
{
  message: '\x1B[1m\x1B[4m\x1B[32mdb Connected successfully \x1B[39m\x1B[24m\x1B[22m',
  level: 'info',
  label: 'right meow!',
  timestamp: '2023-06-14T09:50:19.851Z'
}
{
  message: '\x1B[1m\x1B[32mserver app listening on port 5000\x1B[39m\x1B[22m',
  level: 'info',
  label: 'right meow!',
  timestamp: '2023-06-14T09:50:19.894Z'
}
{
  message: '\x1B[1m\x1B[4m\x1B[32mdb Connected successfully \x1B[39m\x1B[24m\x1B[22m',
  level: 'info',
  label: 'right meow!',
  timestamp: '2023-06-14T09:51:51.762Z'
}
{
  message: '\x1B[1m\x1B[32mserver app listening on port 5000\x1B[39m\x1B[22m',
  level: 'info',
  label: 'right meow!',
  timestamp: '2023-06-14T09:51:51.803Z'
}
{
  message: '\x1B[1m\x1B[4m\x1B[32mdb Connected successfully \x1B[39m\x1B[24m\x1B[22m',
  level: 'info',
  label: 'right meow!',
  timestamp: '2023-06-14T09:51:57.325Z'
}
{
  message: '\x1B[1m\x1B[32mserver app listening on port 5000\x1B[39m\x1B[22m',
  level: 'info',
  label: 'right meow!',
  timestamp: '2023-06-14T09:51:57.360Z'
}
{
  message: '\x1B[1m\x1B[4m\x1B[32mdb Connected successfully \x1B[39m\x1B[24m\x1B[22m',
  level: 'info',
  label: 'right meow!',
  timestamp: '2023-06-14T09:52:02.293Z'
}
{
  message: '\x1B[1m\x1B[32mserver app listening on port 5000\x1B[39m\x1B[22m',
  level: 'info',
  label: 'right meow!',
  timestamp: '2023-06-14T09:52:02.318Z'
}
{
  message: '\x1B[1m\x1B[4m\x1B[32mdb Connected successfully \x1B[39m\x1B[24m\x1B[22m',
  level: 'info',
  label: 'right meow!',
  timestamp: '2023-06-14T09:52:28.981Z'
}
{
  message: '\x1B[1m\x1B[32mserver app listening on port 5000\x1B[39m\x1B[22m',
  level: 'info',
  label: 'right meow!',
  timestamp: '2023-06-14T09:52:29.004Z'
}
{
  message: '\x1B[1m\x1B[4m\x1B[32mdb Connected successfully \x1B[39m\x1B[24m\x1B[22m',
  level: 'info',
  label: 'right meow!',
  timestamp: '2023-06-14T09:52:45.905Z'
}
{
  message: '\x1B[1m\x1B[32mserver app listening on port 5000\x1B[39m\x1B[22m',
  level: 'info',
  label: 'right meow!',
  timestamp: '2023-06-14T09:52:45.940Z'
}
{
  message: '\x1B[1m\x1B[4m\x1B[32mdb Connected successfully \x1B[39m\x1B[24m\x1B[22m',
  level: 'info',
  label: 'right meow!',
  timestamp: '2023-06-14T09:55:43.904Z'
}
{
  message: '\x1B[1m\x1B[32mserver app listening on port 5000\x1B[39m\x1B[22m',
  level: 'info',
  label: 'right meow!',
  timestamp: '2023-06-14T09:55:43.931Z'
}
{
  message: '\x1B[1m\x1B[4m\x1B[32mdb Connected successfully \x1B[39m\x1B[24m\x1B[22m',
  level: 'info',
  label: 'right meow!',
  timestamp: '2023-06-14T09:55:54.834Z'
}
{
  message: '\x1B[1m\x1B[32mserver app listening on port 5000\x1B[39m\x1B[22m',
  level: 'info',
  label: 'right meow!',
  timestamp: '2023-06-14T09:55:54.854Z'
}
{
  message: '\x1B[1m\x1B[4m\x1B[32mdb Connected successfully \x1B[39m\x1B[24m\x1B[22m',
  level: 'info',
  label: 'right meow!',
  timestamp: '2023-06-14T09:56:24.744Z'
}
{
  message: '\x1B[1m\x1B[32mserver app listening on port 5000\x1B[39m\x1B[22m',
  level: 'info',
  label: 'right meow!',
  timestamp: '2023-06-14T09:56:24.770Z'
}
{
  message: '\x1B[1m\x1B[4m\x1B[32mdb Connected successfully \x1B[39m\x1B[24m\x1B[22m',
  level: 'info',
  label: 'right meow!',
  timestamp: '2023-06-14T09:56:50.388Z'
}
{
  message: '\x1B[1m\x1B[32mserver app listening on port 5000\x1B[39m\x1B[22m',
  level: 'info',
  label: 'right meow!',
  timestamp: '2023-06-14T09:56:50.409Z'
}
{
  message: '\x1B[1m\x1B[4m\x1B[32mdb Connected successfully \x1B[39m\x1B[24m\x1B[22m',
  level: 'info',
  label: 'right meow!',
  timestamp: '2023-06-14T09:56:57.829Z'
}
{
  message: '\x1B[1m\x1B[32mserver app listening on port 5000\x1B[39m\x1B[22m',
  level: 'info',
  label: 'right meow!',
  timestamp: '2023-06-14T09:56:57.855Z'
}
{
  message: '\x1B[1m\x1B[4m\x1B[32mdb Connected successfully \x1B[39m\x1B[24m\x1B[22m',
  level: 'info',
  label: 'right meow!',
  timestamp: '2023-06-14T09:57:45.557Z'
}
{
  message: '\x1B[1m\x1B[32mserver app listening on port 5000\x1B[39m\x1B[22m',
  level: 'info',
  label: 'right meow!',
  timestamp: '2023-06-14T09:57:45.583Z'
}
{
  message: '\x1B[1m\x1B[4m\x1B[32mdb Connected successfully \x1B[39m\x1B[24m\x1B[22m',
  level: 'info',
  label: 'right meow!',
  timestamp: '2023-06-14T09:57:48.445Z'
}
{
  message: '\x1B[1m\x1B[32mserver app listening on port 5000\x1B[39m\x1B[22m',
  level: 'info',
  label: 'right meow!',
  timestamp: '2023-06-14T09:57:48.479Z'
}
{
  message: '\x1B[1m\x1B[4m\x1B[32mdb Connected successfully \x1B[39m\x1B[24m\x1B[22m',
  level: 'info',
  label: 'right meow!',
  timestamp: '2023-06-14T09:57:53.186Z'
}
{
  message: '\x1B[1m\x1B[32mserver app listening on port 5000\x1B[39m\x1B[22m',
  level: 'info',
  label: 'right meow!',
  timestamp: '2023-06-14T09:57:53.216Z'
}
{
  message: '\x1B[1m\x1B[4m\x1B[32mdb Connected successfully \x1B[39m\x1B[24m\x1B[22m',
  level: 'info',
  label: 'right meow!',
  timestamp: '2023-06-14T09:58:00.031Z'
}
{
  message: '\x1B[1m\x1B[32mserver app listening on port 5000\x1B[39m\x1B[22m',
  level: 'info',
  label: 'right meow!',
  timestamp: '2023-06-14T09:58:00.105Z'
}
{
  message: '\x1B[1m\x1B[4m\x1B[32mdb Connected successfully \x1B[39m\x1B[24m\x1B[22m',
  level: 'info',
  label: 'right meow!',
  timestamp: '2023-06-14T09:58:30.282Z'
}
{
  message: '\x1B[1m\x1B[32mserver app listening on port 5000\x1B[39m\x1B[22m',
  level: 'info',
  label: 'right meow!',
  timestamp: '2023-06-14T09:58:30.317Z'
}
