{
  message: '\x1B[1m\x1B[4m\x1B[32mdb Connected successfully \x1B[39m\x1B[24m\x1B[22m',
  level: 'info',
  label: 'right meow!',
  timestamp: '2023-06-13T10:25:25.363Z'
}
{
  message: '\x1B[1m\x1B[32mserver app listening on port 5000\x1B[39m\x1B[22m',
  level: 'info',
  label: 'right meow!',
  timestamp: '2023-06-13T10:25:25.403Z'
}
{
  message: '\x1B[1m\x1B[4m\x1B[32mdb Connected successfully \x1B[39m\x1B[24m\x1B[22m',
  level: 'info',
  label: 'right meow!',
  timestamp: '2023-06-13T10:26:16.479Z'
}
{
  message: '\x1B[1m\x1B[32mserver app listening on port 5000\x1B[39m\x1B[22m',
  level: 'info',
  label: 'right meow!',
  timestamp: '2023-06-13T10:26:16.499Z'
}
{
  message: '\x1B[1m\x1B[4m\x1B[32mdb Connected successfully \x1B[39m\x1B[24m\x1B[22m',
  level: 'info',
  label: 'right meow!',
  timestamp: '2023-06-13T10:26:26.922Z'
}
{
  message: '\x1B[1m\x1B[32mserver app listening on port 5000\x1B[39m\x1B[22m',
  level: 'info',
  label: 'right meow!',
  timestamp: '2023-06-13T10:26:26.942Z'
}
{
  message: '\x1B[1m\x1B[4m\x1B[32mdb Connected successfully \x1B[39m\x1B[24m\x1B[22m',
  level: 'info',
  label: 'right meow!',
  timestamp: '2023-06-13T10:26:32.345Z'
}
{
  message: '\x1B[1m\x1B[32mserver app listening on port 5000\x1B[39m\x1B[22m',
  level: 'info',
  label: 'right meow!',
  timestamp: '2023-06-13T10:26:32.369Z'
}
{
  message: '\x1B[1m\x1B[4m\x1B[32mdb Connected successfully \x1B[39m\x1B[24m\x1B[22m',
  level: 'info',
  label: 'right meow!',
  timestamp: '2023-06-13T10:26:40.658Z'
}
{
  message: '\x1B[1m\x1B[32mserver app listening on port 5000\x1B[39m\x1B[22m',
  level: 'info',
  label: 'right meow!',
  timestamp: '2023-06-13T10:26:40.699Z'
}
{
  message: '\x1B[1m\x1B[4m\x1B[32mdb Connected successfully \x1B[39m\x1B[24m\x1B[22m',
  level: 'info',
  label: 'right meow!',
  timestamp: '2023-06-13T10:27:05.556Z'
}
{
  message: '\x1B[1m\x1B[32mserver app listening on port 5000\x1B[39m\x1B[22m',
  level: 'info',
  label: 'right meow!',
  timestamp: '2023-06-13T10:27:05.591Z'
}
{
  message: '\x1B[1m\x1B[4m\x1B[32mdb Connected successfully \x1B[39m\x1B[24m\x1B[22m',
  level: 'info',
  label: 'right meow!',
  timestamp: '2023-06-13T10:27:12.451Z'
}
{
  message: '\x1B[1m\x1B[32mserver app listening on port 5000\x1B[39m\x1B[22m',
  level: 'info',
  label: 'right meow!',
  timestamp: '2023-06-13T10:27:12.467Z'
}
{
  message: '\x1B[1m\x1B[4m\x1B[32mdb Connected successfully \x1B[39m\x1B[24m\x1B[22m',
  level: 'info',
  label: 'right meow!',
  timestamp: '2023-06-13T10:29:10.505Z'
}
{
  message: '\x1B[1m\x1B[32mserver app listening on port 5000\x1B[39m\x1B[22m',
  level: 'info',
  label: 'right meow!',
  timestamp: '2023-06-13T10:29:10.544Z'
}
{
  message: '\x1B[1m\x1B[4m\x1B[32mdb Connected successfully \x1B[39m\x1B[24m\x1B[22m',
  level: 'info',
  label: 'right meow!',
  timestamp: '2023-06-13T10:29:15.782Z'
}
{
  message: '\x1B[1m\x1B[32mserver app listening on port 5000\x1B[39m\x1B[22m',
  level: 'info',
  label: 'right meow!',
  timestamp: '2023-06-13T10:29:15.804Z'
}
{
  message: '\x1B[1m\x1B[4m\x1B[32mdb Connected successfully \x1B[39m\x1B[24m\x1B[22m',
  level: 'info',
  label: 'right meow!',
  timestamp: '2023-06-13T10:29:35.551Z'
}
{
  message: '\x1B[1m\x1B[32mserver app listening on port 5000\x1B[39m\x1B[22m',
  level: 'info',
  label: 'right meow!',
  timestamp: '2023-06-13T10:29:35.571Z'
}
{
  message: '\x1B[1m\x1B[4m\x1B[32mdb Connected successfully \x1B[39m\x1B[24m\x1B[22m',
  level: 'info',
  label: 'right meow!',
  timestamp: '2023-06-13T10:29:40.742Z'
}
{
  message: '\x1B[1m\x1B[32mserver app listening on port 5000\x1B[39m\x1B[22m',
  level: 'info',
  label: 'right meow!',
  timestamp: '2023-06-13T10:29:40.769Z'
}
{
  message: '\x1B[1m\x1B[4m\x1B[32mdb Connected successfully \x1B[39m\x1B[24m\x1B[22m',
  level: 'info',
  label: 'right meow!',
  timestamp: '2023-06-13T10:31:49.896Z'
}
{
  message: '\x1B[1m\x1B[32mserver app listening on port 5000\x1B[39m\x1B[22m',
  level: 'info',
  label: 'right meow!',
  timestamp: '2023-06-13T10:31:49.916Z'
}
{
  message: '\x1B[1m\x1B[4m\x1B[32mdb Connected successfully \x1B[39m\x1B[24m\x1B[22m',
  level: 'info',
  label: 'right meow!',
  timestamp: '2023-06-13T10:32:55.050Z'
}
{
  message: '\x1B[1m\x1B[32mserver app listening on port 5000\x1B[39m\x1B[22m',
  level: 'info',
  label: 'right meow!',
  timestamp: '2023-06-13T10:32:55.072Z'
}
{
  message: '\x1B[1m\x1B[4m\x1B[32mdb Connected successfully \x1B[39m\x1B[24m\x1B[22m',
  level: 'info',
  label: 'right meow!',
  timestamp: '2023-06-13T10:33:06.710Z'
}
{
  message: '\x1B[1m\x1B[32mserver app listening on port 5000\x1B[39m\x1B[22m',
  level: 'info',
  label: 'right meow!',
  timestamp: '2023-06-13T10:33:06.733Z'
}
{
  message: '\x1B[1m\x1B[4m\x1B[32mdb Connected successfully \x1B[39m\x1B[24m\x1B[22m',
  level: 'info',
  label: 'right meow!',
  timestamp: '2023-06-13T10:33:10.153Z'
}
{
  message: '\x1B[1m\x1B[32mserver app listening on port 5000\x1B[39m\x1B[22m',
  level: 'info',
  label: 'right meow!',
  timestamp: '2023-06-13T10:33:10.181Z'
}
{
  message: '\x1B[1m\x1B[4m\x1B[32mdb Connected successfully \x1B[39m\x1B[24m\x1B[22m',
  level: 'info',
  label: 'right meow!',
  timestamp: '2023-06-13T10:33:19.259Z'
}
{
  message: '\x1B[1m\x1B[32mserver app listening on port 5000\x1B[39m\x1B[22m',
  level: 'info',
  label: 'right meow!',
  timestamp: '2023-06-13T10:33:19.283Z'
}
{
  message: '\x1B[1m\x1B[4m\x1B[32mdb Connected successfully \x1B[39m\x1B[24m\x1B[22m',
  level: 'info',
  label: 'right meow!',
  timestamp: '2023-06-13T10:33:27.778Z'
}
{
  message: '\x1B[1m\x1B[32mserver app listening on port 5000\x1B[39m\x1B[22m',
  level: 'info',
  label: 'right meow!',
  timestamp: '2023-06-13T10:33:27.802Z'
}
{
  message: '\x1B[1m\x1B[4m\x1B[32mdb Connected successfully \x1B[39m\x1B[24m\x1B[22m',
  level: 'info',
  label: 'right meow!',
  timestamp: '2023-06-13T10:33:42.771Z'
}
{
  message: '\x1B[1m\x1B[32mserver app listening on port 5000\x1B[39m\x1B[22m',
  level: 'info',
  label: 'right meow!',
  timestamp: '2023-06-13T10:33:42.805Z'
}
{
  message: '\x1B[1m\x1B[4m\x1B[32mdb Connected successfully \x1B[39m\x1B[24m\x1B[22m',
  level: 'info',
  label: 'right meow!',
  timestamp: '2023-06-13T10:33:55.900Z'
}
{
  message: '\x1B[1m\x1B[32mserver app listening on port 5000\x1B[39m\x1B[22m',
  level: 'info',
  label: 'right meow!',
  timestamp: '2023-06-13T10:33:55.925Z'
}
{
  message: '\x1B[1m\x1B[4m\x1B[32mdb Connected successfully \x1B[39m\x1B[24m\x1B[22m',
  level: 'info',
  label: 'right meow!',
  timestamp: '2023-06-13T10:34:37.487Z'
}
{
  message: '\x1B[1m\x1B[32mserver app listening on port 5000\x1B[39m\x1B[22m',
  level: 'info',
  label: 'right meow!',
  timestamp: '2023-06-13T10:34:37.511Z'
}
{
  message: '\x1B[1m\x1B[4m\x1B[32mdb Connected successfully \x1B[39m\x1B[24m\x1B[22m',
  level: 'info',
  label: 'right meow!',
  timestamp: '2023-06-13T10:35:25.179Z'
}
{
  message: '\x1B[1m\x1B[32mserver app listening on port 5000\x1B[39m\x1B[22m',
  level: 'info',
  label: 'right meow!',
  timestamp: '2023-06-13T10:35:25.203Z'
}
{
  message: '\x1B[1m\x1B[4m\x1B[32mdb Connected successfully \x1B[39m\x1B[24m\x1B[22m',
  level: 'info',
  label: 'right meow!',
  timestamp: '2023-06-13T10:35:36.699Z'
}
{
  message: '\x1B[1m\x1B[32mserver app listening on port 5000\x1B[39m\x1B[22m',
  level: 'info',
  label: 'right meow!',
  timestamp: '2023-06-13T10:35:36.725Z'
}
{
  message: '\x1B[1m\x1B[4m\x1B[32mdb Connected successfully \x1B[39m\x1B[24m\x1B[22m',
  level: 'info',
  label: 'right meow!',
  timestamp: '2023-06-13T10:35:50.308Z'
}
{
  message: '\x1B[1m\x1B[32mserver app listening on port 5000\x1B[39m\x1B[22m',
  level: 'info',
  label: 'right meow!',
  timestamp: '2023-06-13T10:35:50.339Z'
}
{
  message: '\x1B[1m\x1B[4m\x1B[32mdb Connected successfully \x1B[39m\x1B[24m\x1B[22m',
  level: 'info',
  label: 'right meow!',
  timestamp: '2023-06-13T10:36:27.818Z'
}
{
  message: '\x1B[1m\x1B[32mserver app listening on port 5000\x1B[39m\x1B[22m',
  level: 'info',
  label: 'right meow!',
  timestamp: '2023-06-13T10:36:27.967Z'
}
{
  message: '\x1B[1m\x1B[4m\x1B[32mdb Connected successfully \x1B[39m\x1B[24m\x1B[22m',
  level: 'info',
  label: 'right meow!',
  timestamp: '2023-06-13T10:36:32.242Z'
}
{
  message: '\x1B[1m\x1B[32mserver app listening on port 5000\x1B[39m\x1B[22m',
  level: 'info',
  label: 'right meow!',
  timestamp: '2023-06-13T10:36:32.273Z'
}
{
  message: '\x1B[1m\x1B[4m\x1B[32mdb Connected successfully \x1B[39m\x1B[24m\x1B[22m',
  level: 'info',
  label: 'right meow!',
  timestamp: '2023-06-13T10:36:59.969Z'
}
{
  message: '\x1B[1m\x1B[32mserver app listening on port 5000\x1B[39m\x1B[22m',
  level: 'info',
  label: 'right meow!',
  timestamp: '2023-06-13T10:36:59.988Z'
}
{
  message: '\x1B[1m\x1B[4m\x1B[32mdb Connected successfully \x1B[39m\x1B[24m\x1B[22m',
  level: 'info',
  label: 'right meow!',
  timestamp: '2023-06-13T10:37:16.441Z'
}
{
  message: '\x1B[1m\x1B[32mserver app listening on port 5000\x1B[39m\x1B[22m',
  level: 'info',
  label: 'right meow!',
  timestamp: '2023-06-13T10:37:16.466Z'
}
{
  message: '\x1B[1m\x1B[4m\x1B[32mdb Connected successfully \x1B[39m\x1B[24m\x1B[22m',
  level: 'info',
  label: 'right meow!',
  timestamp: '2023-06-13T10:37:22.659Z'
}
{
  message: '\x1B[1m\x1B[32mserver app listening on port 5000\x1B[39m\x1B[22m',
  level: 'info',
  label: 'right meow!',
  timestamp: '2023-06-13T10:37:22.691Z'
}
{
  message: '\x1B[1m\x1B[4m\x1B[32mdb Connected successfully \x1B[39m\x1B[24m\x1B[22m',
  level: 'info',
  label: 'right meow!',
  timestamp: '2023-06-13T10:37:38.895Z'
}
{
  message: '\x1B[1m\x1B[32mserver app listening on port 5000\x1B[39m\x1B[22m',
  level: 'info',
  label: 'right meow!',
  timestamp: '2023-06-13T10:37:38.918Z'
}
{
  message: '\x1B[1m\x1B[4m\x1B[32mdb Connected successfully \x1B[39m\x1B[24m\x1B[22m',
  level: 'info',
  label: 'right meow!',
  timestamp: '2023-06-13T10:52:24.699Z'
}
{
  message: '\x1B[1m\x1B[32mserver app listening on port 5000\x1B[39m\x1B[22m',
  level: 'info',
  label: 'right meow!',
  timestamp: '2023-06-13T10:52:24.720Z'
}
{
  message: '\x1B[1m\x1B[4m\x1B[32mdb Connected successfully \x1B[39m\x1B[24m\x1B[22m',
  level: 'info',
  label: 'right meow!',
  timestamp: '2023-06-13T10:52:30.692Z'
}
{
  message: '\x1B[1m\x1B[32mserver app listening on port 5000\x1B[39m\x1B[22m',
  level: 'info',
  label: 'right meow!',
  timestamp: '2023-06-13T10:52:30.707Z'
}
{
  message: '\x1B[1m\x1B[4m\x1B[32mdb Connected successfully \x1B[39m\x1B[24m\x1B[22m',
  level: 'info',
  label: 'right meow!',
  timestamp: '2023-06-13T10:52:44.044Z'
}
{
  message: '\x1B[1m\x1B[32mserver app listening on port 5000\x1B[39m\x1B[22m',
  level: 'info',
  label: 'right meow!',
  timestamp: '2023-06-13T10:52:44.061Z'
}
{
  message: '\x1B[1m\x1B[4m\x1B[32mdb Connected successfully \x1B[39m\x1B[24m\x1B[22m',
  level: 'info',
  label: 'right meow!',
  timestamp: '2023-06-13T10:52:58.235Z'
}
{
  message: '\x1B[1m\x1B[32mserver app listening on port 5000\x1B[39m\x1B[22m',
  level: 'info',
  label: 'right meow!',
  timestamp: '2023-06-13T10:52:58.252Z'
}
{
  message: '\x1B[1m\x1B[4m\x1B[32mdb Connected successfully \x1B[39m\x1B[24m\x1B[22m',
  level: 'info',
  label: 'right meow!',
  timestamp: '2023-06-13T10:53:18.140Z'
}
{
  message: '\x1B[1m\x1B[32mserver app listening on port 5000\x1B[39m\x1B[22m',
  level: 'info',
  label: 'right meow!',
  timestamp: '2023-06-13T10:53:18.154Z'
}
{
  message: '\x1B[1m\x1B[4m\x1B[32mdb Connected successfully \x1B[39m\x1B[24m\x1B[22m',
  level: 'info',
  label: 'right meow!',
  timestamp: '2023-06-13T10:53:28.299Z'
}
{
  message: '\x1B[1m\x1B[32mserver app listening on port 5000\x1B[39m\x1B[22m',
  level: 'info',
  label: 'right meow!',
  timestamp: '2023-06-13T10:53:28.314Z'
}
{
  message: '\x1B[1m\x1B[4m\x1B[32mdb Connected successfully \x1B[39m\x1B[24m\x1B[22m',
  level: 'info',
  label: 'right meow!',
  timestamp: '2023-06-13T10:53:34.094Z'
}
{
  message: '\x1B[1m\x1B[32mserver app listening on port 5000\x1B[39m\x1B[22m',
  level: 'info',
  label: 'right meow!',
  timestamp: '2023-06-13T10:53:34.107Z'
}
{
  message: '\x1B[1m\x1B[4m\x1B[32mdb Connected successfully \x1B[39m\x1B[24m\x1B[22m',
  level: 'info',
  label: 'right meow!',
  timestamp: '2023-06-13T10:53:51.386Z'
}
{
  message: '\x1B[1m\x1B[32mserver app listening on port 5000\x1B[39m\x1B[22m',
  level: 'info',
  label: 'right meow!',
  timestamp: '2023-06-13T10:53:51.399Z'
}
{
  message: '\x1B[1m\x1B[4m\x1B[32mdb Connected successfully \x1B[39m\x1B[24m\x1B[22m',
  level: 'info',
  label: 'right meow!',
  timestamp: '2023-06-13T10:54:01.265Z'
}
{
  message: '\x1B[1m\x1B[32mserver app listening on port 5000\x1B[39m\x1B[22m',
  level: 'info',
  label: 'right meow!',
  timestamp: '2023-06-13T10:54:01.279Z'
}
{
  message: '\x1B[1m\x1B[4m\x1B[32mdb Connected successfully \x1B[39m\x1B[24m\x1B[22m',
  level: 'info',
  label: 'right meow!',
  timestamp: '2023-06-13T10:54:15.788Z'
}
{
  message: '\x1B[1m\x1B[32mserver app listening on port 5000\x1B[39m\x1B[22m',
  level: 'info',
  label: 'right meow!',
  timestamp: '2023-06-13T10:54:15.802Z'
}
{
  message: '\x1B[1m\x1B[4m\x1B[32mdb Connected successfully \x1B[39m\x1B[24m\x1B[22m',
  level: 'info',
  label: 'right meow!',
  timestamp: '2023-06-13T10:54:19.688Z'
}
{
  message: '\x1B[1m\x1B[32mserver app listening on port 5000\x1B[39m\x1B[22m',
  level: 'info',
  label: 'right meow!',
  timestamp: '2023-06-13T10:54:19.701Z'
}
{
  message: '\x1B[1m\x1B[4m\x1B[32mdb Connected successfully \x1B[39m\x1B[24m\x1B[22m',
  level: 'info',
  label: 'right meow!',
  timestamp: '2023-06-13T10:54:44.448Z'
}
{
  message: '\x1B[1m\x1B[32mserver app listening on port 5000\x1B[39m\x1B[22m',
  level: 'info',
  label: 'right meow!',
  timestamp: '2023-06-13T10:54:44.496Z'
}
{
  message: '\x1B[1m\x1B[4m\x1B[32mdb Connected successfully \x1B[39m\x1B[24m\x1B[22m',
  level: 'info',
  label: 'right meow!',
  timestamp: '2023-06-13T10:54:52.601Z'
}
{
  message: '\x1B[1m\x1B[32mserver app listening on port 5000\x1B[39m\x1B[22m',
  level: 'info',
  label: 'right meow!',
  timestamp: '2023-06-13T10:54:52.615Z'
}
{
  message: '\x1B[1m\x1B[4m\x1B[32mdb Connected successfully \x1B[39m\x1B[24m\x1B[22m',
  level: 'info',
  label: 'right meow!',
  timestamp: '2023-06-13T10:55:01.903Z'
}
{
  message: '\x1B[1m\x1B[32mserver app listening on port 5000\x1B[39m\x1B[22m',
  level: 'info',
  label: 'right meow!',
  timestamp: '2023-06-13T10:55:01.928Z'
}
{
  message: '\x1B[1m\x1B[4m\x1B[32mdb Connected successfully \x1B[39m\x1B[24m\x1B[22m',
  level: 'info',
  label: 'right meow!',
  timestamp: '2023-06-13T10:55:13.031Z'
}
{
  message: '\x1B[1m\x1B[32mserver app listening on port 5000\x1B[39m\x1B[22m',
  level: 'info',
  label: 'right meow!',
  timestamp: '2023-06-13T10:55:13.045Z'
}
{
  message: '\x1B[1m\x1B[4m\x1B[32mdb Connected successfully \x1B[39m\x1B[24m\x1B[22m',
  level: 'info',
  label: 'right meow!',
  timestamp: '2023-06-13T10:55:24.674Z'
}
{
  message: '\x1B[1m\x1B[32mserver app listening on port 5000\x1B[39m\x1B[22m',
  level: 'info',
  label: 'right meow!',
  timestamp: '2023-06-13T10:55:24.691Z'
}
{
  message: '\x1B[1m\x1B[4m\x1B[32mdb Connected successfully \x1B[39m\x1B[24m\x1B[22m',
  level: 'info',
  label: 'right meow!',
  timestamp: '2023-06-13T10:55:35.710Z'
}
{
  message: '\x1B[1m\x1B[32mserver app listening on port 5000\x1B[39m\x1B[22m',
  level: 'info',
  label: 'right meow!',
  timestamp: '2023-06-13T10:55:35.726Z'
}
{
  message: '\x1B[1m\x1B[4m\x1B[32mdb Connected successfully \x1B[39m\x1B[24m\x1B[22m',
  level: 'info',
  label: 'right meow!',
  timestamp: '2023-06-13T10:55:50.829Z'
}
{
  message: '\x1B[1m\x1B[32mserver app listening on port 5000\x1B[39m\x1B[22m',
  level: 'info',
  label: 'right meow!',
  timestamp: '2023-06-13T10:55:50.892Z'
}
{
  message: '\x1B[1m\x1B[4m\x1B[32mdb Connected successfully \x1B[39m\x1B[24m\x1B[22m',
  level: 'info',
  label: 'right meow!',
  timestamp: '2023-06-13T10:56:48.805Z'
}
{
  message: '\x1B[1m\x1B[32mserver app listening on port 5000\x1B[39m\x1B[22m',
  level: 'info',
  label: 'right meow!',
  timestamp: '2023-06-13T10:56:48.826Z'
}
{
  message: '\x1B[1m\x1B[4m\x1B[32mdb Connected successfully \x1B[39m\x1B[24m\x1B[22m',
  level: 'info',
  label: 'right meow!',
  timestamp: '2023-06-13T10:57:06.299Z'
}
{
  message: '\x1B[1m\x1B[32mserver app listening on port 5000\x1B[39m\x1B[22m',
  level: 'info',
  label: 'right meow!',
  timestamp: '2023-06-13T10:57:06.317Z'
}
{
  message: '\x1B[1m\x1B[4m\x1B[32mdb Connected successfully \x1B[39m\x1B[24m\x1B[22m',
  level: 'info',
  label: 'right meow!',
  timestamp: '2023-06-13T10:57:13.949Z'
}
{
  message: '\x1B[1m\x1B[32mserver app listening on port 5000\x1B[39m\x1B[22m',
  level: 'info',
  label: 'right meow!',
  timestamp: '2023-06-13T10:57:13.966Z'
}
{
  message: '\x1B[1m\x1B[4m\x1B[32mdb Connected successfully \x1B[39m\x1B[24m\x1B[22m',
  level: 'info',
  label: 'right meow!',
  timestamp: '2023-06-13T10:57:16.940Z'
}
{
  message: '\x1B[1m\x1B[32mserver app listening on port 5000\x1B[39m\x1B[22m',
  level: 'info',
  label: 'right meow!',
  timestamp: '2023-06-13T10:57:16.957Z'
}
{
  message: '\x1B[1m\x1B[4m\x1B[32mdb Connected successfully \x1B[39m\x1B[24m\x1B[22m',
  level: 'info',
  label: 'right meow!',
  timestamp: '2023-06-13T10:57:19.223Z'
}
{
  message: '\x1B[1m\x1B[32mserver app listening on port 5000\x1B[39m\x1B[22m',
  level: 'info',
  label: 'right meow!',
  timestamp: '2023-06-13T10:57:19.264Z'
}
{
  message: '\x1B[1m\x1B[4m\x1B[32mdb Connected successfully \x1B[39m\x1B[24m\x1B[22m',
  level: 'info',
  label: 'right meow!',
  timestamp: '2023-06-13T10:57:28.177Z'
}
{
  message: '\x1B[1m\x1B[32mserver app listening on port 5000\x1B[39m\x1B[22m',
  level: 'info',
  label: 'right meow!',
  timestamp: '2023-06-13T10:57:28.195Z'
}
{
  message: '\x1B[1m\x1B[4m\x1B[32mdb Connected successfully \x1B[39m\x1B[24m\x1B[22m',
  level: 'info',
  label: 'right meow!',
  timestamp: '2023-06-13T10:57:32.878Z'
}
{
  message: '\x1B[1m\x1B[32mserver app listening on port 5000\x1B[39m\x1B[22m',
  level: 'info',
  label: 'right meow!',
  timestamp: '2023-06-13T10:57:32.895Z'
}
{
  message: '\x1B[1m\x1B[4m\x1B[32mdb Connected successfully \x1B[39m\x1B[24m\x1B[22m',
  level: 'info',
  label: 'right meow!',
  timestamp: '2023-06-13T10:57:34.681Z'
}
{
  message: '\x1B[1m\x1B[32mserver app listening on port 5000\x1B[39m\x1B[22m',
  level: 'info',
  label: 'right meow!',
  timestamp: '2023-06-13T10:57:34.707Z'
}
{
  message: '\x1B[1m\x1B[4m\x1B[32mdb Connected successfully \x1B[39m\x1B[24m\x1B[22m',
  level: 'info',
  label: 'right meow!',
  timestamp: '2023-06-13T10:57:39.213Z'
}
{
  message: '\x1B[1m\x1B[32mserver app listening on port 5000\x1B[39m\x1B[22m',
  level: 'info',
  label: 'right meow!',
  timestamp: '2023-06-13T10:57:39.230Z'
}
{
  message: '\x1B[1m\x1B[4m\x1B[32mdb Connected successfully \x1B[39m\x1B[24m\x1B[22m',
  level: 'info',
  label: 'right meow!',
  timestamp: '2023-06-13T10:57:45.264Z'
}
{
  message: '\x1B[1m\x1B[32mserver app listening on port 5000\x1B[39m\x1B[22m',
  level: 'info',
  label: 'right meow!',
  timestamp: '2023-06-13T10:57:45.283Z'
}
{
  message: '\x1B[1m\x1B[4m\x1B[32mdb Connected successfully \x1B[39m\x1B[24m\x1B[22m',
  level: 'info',
  label: 'right meow!',
  timestamp: '2023-06-13T10:58:05.633Z'
}
{
  message: '\x1B[1m\x1B[32mserver app listening on port 5000\x1B[39m\x1B[22m',
  level: 'info',
  label: 'right meow!',
  timestamp: '2023-06-13T10:58:05.650Z'
}
