{
  message: '\x1B[1m\x1B[4m\x1B[32mdb Connected successfully \x1B[39m\x1B[24m\x1B[22m',
  level: 'info',
  label: 'right meow!',
  timestamp: '2023-06-14T18:00:17.677Z'
}
{
  message: '\x1B[1m\x1B[32mserver app listening on port 5000\x1B[39m\x1B[22m',
  level: 'info',
  label: 'right meow!',
  timestamp: '2023-06-14T18:00:17.706Z'
}
{
  message: '\x1B[1m\x1B[4m\x1B[32mdb Connected successfully \x1B[39m\x1B[24m\x1B[22m',
  level: 'info',
  label: 'right meow!',
  timestamp: '2023-06-14T18:00:31.384Z'
}
{
  message: '\x1B[1m\x1B[32mserver app listening on port 5000\x1B[39m\x1B[22m',
  level: 'info',
  label: 'right meow!',
  timestamp: '2023-06-14T18:00:31.422Z'
}
{
  message: '\x1B[1m\x1B[4m\x1B[32mdb Connected successfully \x1B[39m\x1B[24m\x1B[22m',
  level: 'info',
  label: 'right meow!',
  timestamp: '2023-06-14T18:01:08.380Z'
}
{
  message: '\x1B[1m\x1B[32mserver app listening on port 5000\x1B[39m\x1B[22m',
  level: 'info',
  label: 'right meow!',
  timestamp: '2023-06-14T18:01:08.397Z'
}
{
  message: '\x1B[1m\x1B[4m\x1B[32mdb Connected successfully \x1B[39m\x1B[24m\x1B[22m',
  level: 'info',
  label: 'right meow!',
  timestamp: '2023-06-14T18:01:33.497Z'
}
{
  message: '\x1B[1m\x1B[32mserver app listening on port 5000\x1B[39m\x1B[22m',
  level: 'info',
  label: 'right meow!',
  timestamp: '2023-06-14T18:01:33.519Z'
}
{
  message: '\x1B[1m\x1B[4m\x1B[32mdb Connected successfully \x1B[39m\x1B[24m\x1B[22m',
  level: 'info',
  label: 'right meow!',
  timestamp: '2023-06-14T18:01:44.716Z'
}
{
  message: '\x1B[1m\x1B[32mserver app listening on port 5000\x1B[39m\x1B[22m',
  level: 'info',
  label: 'right meow!',
  timestamp: '2023-06-14T18:01:44.741Z'
}
{
  message: '\x1B[1m\x1B[4m\x1B[32mdb Connected successfully \x1B[39m\x1B[24m\x1B[22m',
  level: 'info',
  label: 'right meow!',
  timestamp: '2023-06-14T18:01:50.100Z'
}
{
  message: '\x1B[1m\x1B[32mserver app listening on port 5000\x1B[39m\x1B[22m',
  level: 'info',
  label: 'right meow!',
  timestamp: '2023-06-14T18:01:50.130Z'
}
{
  message: '\x1B[1m\x1B[4m\x1B[32mdb Connected successfully \x1B[39m\x1B[24m\x1B[22m',
  level: 'info',
  label: 'right meow!',
  timestamp: '2023-06-14T18:01:54.761Z'
}
{
  message: '\x1B[1m\x1B[32mserver app listening on port 5000\x1B[39m\x1B[22m',
  level: 'info',
  label: 'right meow!',
  timestamp: '2023-06-14T18:01:54.786Z'
}
{
  message: '\x1B[1m\x1B[4m\x1B[32mdb Connected successfully \x1B[39m\x1B[24m\x1B[22m',
  level: 'info',
  label: 'right meow!',
  timestamp: '2023-06-14T18:02:04.231Z'
}
{
  message: '\x1B[1m\x1B[32mserver app listening on port 5000\x1B[39m\x1B[22m',
  level: 'info',
  label: 'right meow!',
  timestamp: '2023-06-14T18:02:04.262Z'
}
{
  message: '\x1B[1m\x1B[4m\x1B[32mdb Connected successfully \x1B[39m\x1B[24m\x1B[22m',
  level: 'info',
  label: 'right meow!',
  timestamp: '2023-06-14T18:02:12.238Z'
}
{
  message: '\x1B[1m\x1B[32mserver app listening on port 5000\x1B[39m\x1B[22m',
  level: 'info',
  label: 'right meow!',
  timestamp: '2023-06-14T18:02:12.261Z'
}
{
  message: '\x1B[1m\x1B[4m\x1B[32mdb Connected successfully \x1B[39m\x1B[24m\x1B[22m',
  level: 'info',
  label: 'right meow!',
  timestamp: '2023-06-14T18:02:23.353Z'
}
{
  message: '\x1B[1m\x1B[32mserver app listening on port 5000\x1B[39m\x1B[22m',
  level: 'info',
  label: 'right meow!',
  timestamp: '2023-06-14T18:02:23.381Z'
}
{
  message: '\x1B[1m\x1B[4m\x1B[32mdb Connected successfully \x1B[39m\x1B[24m\x1B[22m',
  level: 'info',
  label: 'right meow!',
  timestamp: '2023-06-14T18:03:46.457Z'
}
{
  message: '\x1B[1m\x1B[32mserver app listening on port 5000\x1B[39m\x1B[22m',
  level: 'info',
  label: 'right meow!',
  timestamp: '2023-06-14T18:03:46.484Z'
}
{
  message: '\x1B[1m\x1B[4m\x1B[32mdb Connected successfully \x1B[39m\x1B[24m\x1B[22m',
  level: 'info',
  label: 'right meow!',
  timestamp: '2023-06-14T18:04:27.426Z'
}
{
  message: '\x1B[1m\x1B[32mserver app listening on port 5000\x1B[39m\x1B[22m',
  level: 'info',
  label: 'right meow!',
  timestamp: '2023-06-14T18:04:27.480Z'
}
{
  message: '\x1B[1m\x1B[4m\x1B[32mdb Connected successfully \x1B[39m\x1B[24m\x1B[22m',
  level: 'info',
  label: 'right meow!',
  timestamp: '2023-06-14T18:04:31.846Z'
}
{
  message: '\x1B[1m\x1B[32mserver app listening on port 5000\x1B[39m\x1B[22m',
  level: 'info',
  label: 'right meow!',
  timestamp: '2023-06-14T18:04:31.868Z'
}
{
  message: '\x1B[1m\x1B[4m\x1B[32mdb Connected successfully \x1B[39m\x1B[24m\x1B[22m',
  level: 'info',
  label: 'right meow!',
  timestamp: '2023-06-14T18:04:37.354Z'
}
{
  message: '\x1B[1m\x1B[32mserver app listening on port 5000\x1B[39m\x1B[22m',
  level: 'info',
  label: 'right meow!',
  timestamp: '2023-06-14T18:04:37.429Z'
}
{
  message: '\x1B[1m\x1B[4m\x1B[32mdb Connected successfully \x1B[39m\x1B[24m\x1B[22m',
  level: 'info',
  label: 'right meow!',
  timestamp: '2023-06-14T18:04:43.225Z'
}
{
  message: '\x1B[1m\x1B[32mserver app listening on port 5000\x1B[39m\x1B[22m',
  level: 'info',
  label: 'right meow!',
  timestamp: '2023-06-14T18:04:43.249Z'
}
{
  message: '\x1B[1m\x1B[4m\x1B[32mdb Connected successfully \x1B[39m\x1B[24m\x1B[22m',
  level: 'info',
  label: 'right meow!',
  timestamp: '2023-06-14T18:06:26.516Z'
}
{
  message: '\x1B[1m\x1B[32mserver app listening on port 5000\x1B[39m\x1B[22m',
  level: 'info',
  label: 'right meow!',
  timestamp: '2023-06-14T18:06:26.546Z'
}
{
  message: '\x1B[1m\x1B[4m\x1B[32mdb Connected successfully \x1B[39m\x1B[24m\x1B[22m',
  level: 'info',
  label: 'right meow!',
  timestamp: '2023-06-14T18:06:37.440Z'
}
{
  message: '\x1B[1m\x1B[32mserver app listening on port 5000\x1B[39m\x1B[22m',
  level: 'info',
  label: 'right meow!',
  timestamp: '2023-06-14T18:06:37.469Z'
}
{
  message: '\x1B[1m\x1B[4m\x1B[32mdb Connected successfully \x1B[39m\x1B[24m\x1B[22m',
  level: 'info',
  label: 'right meow!',
  timestamp: '2023-06-14T18:06:45.254Z'
}
{
  message: '\x1B[1m\x1B[32mserver app listening on port 5000\x1B[39m\x1B[22m',
  level: 'info',
  label: 'right meow!',
  timestamp: '2023-06-14T18:06:45.276Z'
}
{
  message: '\x1B[1m\x1B[4m\x1B[32mdb Connected successfully \x1B[39m\x1B[24m\x1B[22m',
  level: 'info',
  label: 'right meow!',
  timestamp: '2023-06-14T18:07:31.714Z'
}
{
  message: '\x1B[1m\x1B[32mserver app listening on port 5000\x1B[39m\x1B[22m',
  level: 'info',
  label: 'right meow!',
  timestamp: '2023-06-14T18:07:31.738Z'
}
{
  message: '\x1B[1m\x1B[4m\x1B[32mdb Connected successfully \x1B[39m\x1B[24m\x1B[22m',
  level: 'info',
  label: 'right meow!',
  timestamp: '2023-06-14T18:08:05.197Z'
}
{
  message: '\x1B[1m\x1B[32mserver app listening on port 5000\x1B[39m\x1B[22m',
  level: 'info',
  label: 'right meow!',
  timestamp: '2023-06-14T18:08:05.222Z'
}
{
  message: '\x1B[1m\x1B[4m\x1B[32mdb Connected successfully \x1B[39m\x1B[24m\x1B[22m',
  level: 'info',
  label: 'right meow!',
  timestamp: '2023-06-14T18:08:08.115Z'
}
{
  message: '\x1B[1m\x1B[32mserver app listening on port 5000\x1B[39m\x1B[22m',
  level: 'info',
  label: 'right meow!',
  timestamp: '2023-06-14T18:08:08.137Z'
}
{
  message: '\x1B[1m\x1B[4m\x1B[32mdb Connected successfully \x1B[39m\x1B[24m\x1B[22m',
  level: 'info',
  label: 'right meow!',
  timestamp: '2023-06-14T18:08:16.667Z'
}
{
  message: '\x1B[1m\x1B[32mserver app listening on port 5000\x1B[39m\x1B[22m',
  level: 'info',
  label: 'right meow!',
  timestamp: '2023-06-14T18:08:16.691Z'
}
{
  message: '\x1B[1m\x1B[4m\x1B[32mdb Connected successfully \x1B[39m\x1B[24m\x1B[22m',
  level: 'info',
  label: 'right meow!',
  timestamp: '2023-06-14T18:08:52.187Z'
}
{
  message: '\x1B[1m\x1B[32mserver app listening on port 5000\x1B[39m\x1B[22m',
  level: 'info',
  label: 'right meow!',
  timestamp: '2023-06-14T18:08:52.219Z'
}
{
  message: '\x1B[1m\x1B[4m\x1B[32mdb Connected successfully \x1B[39m\x1B[24m\x1B[22m',
  level: 'info',
  label: 'right meow!',
  timestamp: '2023-06-14T18:08:57.294Z'
}
{
  message: '\x1B[1m\x1B[32mserver app listening on port 5000\x1B[39m\x1B[22m',
  level: 'info',
  label: 'right meow!',
  timestamp: '2023-06-14T18:08:57.318Z'
}
{
  message: '\x1B[1m\x1B[4m\x1B[32mdb Connected successfully \x1B[39m\x1B[24m\x1B[22m',
  level: 'info',
  label: 'right meow!',
  timestamp: '2023-06-14T18:09:32.054Z'
}
{
  message: '\x1B[1m\x1B[32mserver app listening on port 5000\x1B[39m\x1B[22m',
  level: 'info',
  label: 'right meow!',
  timestamp: '2023-06-14T18:09:32.110Z'
}
{
  message: '\x1B[1m\x1B[4m\x1B[32mdb Connected successfully \x1B[39m\x1B[24m\x1B[22m',
  level: 'info',
  label: 'right meow!',
  timestamp: '2023-06-14T18:09:46.892Z'
}
{
  message: '\x1B[1m\x1B[32mserver app listening on port 5000\x1B[39m\x1B[22m',
  level: 'info',
  label: 'right meow!',
  timestamp: '2023-06-14T18:09:46.920Z'
}
{
  message: '\x1B[1m\x1B[4m\x1B[32mdb Connected successfully \x1B[39m\x1B[24m\x1B[22m',
  level: 'info',
  label: 'right meow!',
  timestamp: '2023-06-14T18:09:53.049Z'
}
{
  message: '\x1B[1m\x1B[32mserver app listening on port 5000\x1B[39m\x1B[22m',
  level: 'info',
  label: 'right meow!',
  timestamp: '2023-06-14T18:09:53.073Z'
}
{
  message: '\x1B[1m\x1B[4m\x1B[32mdb Connected successfully \x1B[39m\x1B[24m\x1B[22m',
  level: 'info',
  label: 'right meow!',
  timestamp: '2023-06-14T18:09:55.254Z'
}
{
  message: '\x1B[1m\x1B[32mserver app listening on port 5000\x1B[39m\x1B[22m',
  level: 'info',
  label: 'right meow!',
  timestamp: '2023-06-14T18:09:55.270Z'
}
{
  message: '\x1B[1m\x1B[4m\x1B[32mdb Connected successfully \x1B[39m\x1B[24m\x1B[22m',
  level: 'info',
  label: 'right meow!',
  timestamp: '2023-06-14T18:10:26.358Z'
}
{
  message: '\x1B[1m\x1B[32mserver app listening on port 5000\x1B[39m\x1B[22m',
  level: 'info',
  label: 'right meow!',
  timestamp: '2023-06-14T18:10:26.397Z'
}
{
  message: '\x1B[1m\x1B[4m\x1B[32mdb Connected successfully \x1B[39m\x1B[24m\x1B[22m',
  level: 'info',
  label: 'right meow!',
  timestamp: '2023-06-14T18:10:31.684Z'
}
{
  message: '\x1B[1m\x1B[32mserver app listening on port 5000\x1B[39m\x1B[22m',
  level: 'info',
  label: 'right meow!',
  timestamp: '2023-06-14T18:10:31.706Z'
}
{
  message: '\x1B[1m\x1B[4m\x1B[32mdb Connected successfully \x1B[39m\x1B[24m\x1B[22m',
  level: 'info',
  label: 'right meow!',
  timestamp: '2023-06-14T18:10:47.660Z'
}
{
  message: '\x1B[1m\x1B[32mserver app listening on port 5000\x1B[39m\x1B[22m',
  level: 'info',
  label: 'right meow!',
  timestamp: '2023-06-14T18:10:47.683Z'
}
{
  message: '\x1B[1m\x1B[4m\x1B[32mdb Connected successfully \x1B[39m\x1B[24m\x1B[22m',
  level: 'info',
  label: 'right meow!',
  timestamp: '2023-06-14T18:11:09.620Z'
}
{
  message: '\x1B[1m\x1B[32mserver app listening on port 5000\x1B[39m\x1B[22m',
  level: 'info',
  label: 'right meow!',
  timestamp: '2023-06-14T18:11:09.652Z'
}
{
  message: '\x1B[1m\x1B[4m\x1B[32mdb Connected successfully \x1B[39m\x1B[24m\x1B[22m',
  level: 'info',
  label: 'right meow!',
  timestamp: '2023-06-14T18:11:18.326Z'
}
{
  message: '\x1B[1m\x1B[32mserver app listening on port 5000\x1B[39m\x1B[22m',
  level: 'info',
  label: 'right meow!',
  timestamp: '2023-06-14T18:11:18.356Z'
}
{
  message: '\x1B[1m\x1B[4m\x1B[32mdb Connected successfully \x1B[39m\x1B[24m\x1B[22m',
  level: 'info',
  label: 'right meow!',
  timestamp: '2023-06-14T18:11:38.275Z'
}
{
  message: '\x1B[1m\x1B[32mserver app listening on port 5000\x1B[39m\x1B[22m',
  level: 'info',
  label: 'right meow!',
  timestamp: '2023-06-14T18:11:38.297Z'
}
{
  message: '\x1B[1m\x1B[4m\x1B[32mdb Connected successfully \x1B[39m\x1B[24m\x1B[22m',
  level: 'info',
  label: 'right meow!',
  timestamp: '2023-06-14T18:11:45.098Z'
}
{
  message: '\x1B[1m\x1B[32mserver app listening on port 5000\x1B[39m\x1B[22m',
  level: 'info',
  label: 'right meow!',
  timestamp: '2023-06-14T18:11:45.126Z'
}
{
  message: '\x1B[1m\x1B[4m\x1B[32mdb Connected successfully \x1B[39m\x1B[24m\x1B[22m',
  level: 'info',
  label: 'right meow!',
  timestamp: '2023-06-14T18:12:18.128Z'
}
{
  message: '\x1B[1m\x1B[32mserver app listening on port 5000\x1B[39m\x1B[22m',
  level: 'info',
  label: 'right meow!',
  timestamp: '2023-06-14T18:12:18.151Z'
}
{
  message: '\x1B[1m\x1B[4m\x1B[32mdb Connected successfully \x1B[39m\x1B[24m\x1B[22m',
  level: 'info',
  label: 'right meow!',
  timestamp: '2023-06-14T18:12:46.002Z'
}
{
  message: '\x1B[1m\x1B[32mserver app listening on port 5000\x1B[39m\x1B[22m',
  level: 'info',
  label: 'right meow!',
  timestamp: '2023-06-14T18:12:46.018Z'
}
{
  message: '\x1B[1m\x1B[4m\x1B[32mdb Connected successfully \x1B[39m\x1B[24m\x1B[22m',
  level: 'info',
  label: 'right meow!',
  timestamp: '2023-06-14T18:17:35.241Z'
}
{
  message: '\x1B[1m\x1B[32mserver app listening on port 5000\x1B[39m\x1B[22m',
  level: 'info',
  label: 'right meow!',
  timestamp: '2023-06-14T18:17:35.351Z'
}
{
  message: '\x1B[1m\x1B[4m\x1B[32mdb Connected successfully \x1B[39m\x1B[24m\x1B[22m',
  level: 'info',
  label: 'right meow!',
  timestamp: '2023-06-14T18:17:40.173Z'
}
{
  message: '\x1B[1m\x1B[32mserver app listening on port 5000\x1B[39m\x1B[22m',
  level: 'info',
  label: 'right meow!',
  timestamp: '2023-06-14T18:17:40.188Z'
}
{
  message: '\x1B[1m\x1B[4m\x1B[32mdb Connected successfully \x1B[39m\x1B[24m\x1B[22m',
  level: 'info',
  label: 'right meow!',
  timestamp: '2023-06-14T18:20:01.827Z'
}
{
  message: '\x1B[1m\x1B[32mserver app listening on port 5000\x1B[39m\x1B[22m',
  level: 'info',
  label: 'right meow!',
  timestamp: '2023-06-14T18:20:01.842Z'
}
{
  message: '\x1B[1m\x1B[4m\x1B[32mdb Connected successfully \x1B[39m\x1B[24m\x1B[22m',
  level: 'info',
  label: 'right meow!',
  timestamp: '2023-06-14T18:31:00.158Z'
}
{
  message: '\x1B[1m\x1B[32mserver app listening on port 5000\x1B[39m\x1B[22m',
  level: 'info',
  label: 'right meow!',
  timestamp: '2023-06-14T18:31:00.176Z'
}
{
  message: '\x1B[1m\x1B[4m\x1B[32mdb Connected successfully \x1B[39m\x1B[24m\x1B[22m',
  level: 'info',
  label: 'right meow!',
  timestamp: '2023-06-14T18:31:04.907Z'
}
{
  message: '\x1B[1m\x1B[32mserver app listening on port 5000\x1B[39m\x1B[22m',
  level: 'info',
  label: 'right meow!',
  timestamp: '2023-06-14T18:31:04.925Z'
}
{
  message: '\x1B[1m\x1B[4m\x1B[32mdb Connected successfully \x1B[39m\x1B[24m\x1B[22m',
  level: 'info',
  label: 'right meow!',
  timestamp: '2023-06-14T18:31:12.062Z'
}
{
  message: '\x1B[1m\x1B[32mserver app listening on port 5000\x1B[39m\x1B[22m',
  level: 'info',
  label: 'right meow!',
  timestamp: '2023-06-14T18:31:12.074Z'
}
{
  message: '\x1B[1m\x1B[4m\x1B[32mdb Connected successfully \x1B[39m\x1B[24m\x1B[22m',
  level: 'info',
  label: 'right meow!',
  timestamp: '2023-06-14T18:31:33.050Z'
}
{
  message: '\x1B[1m\x1B[32mserver app listening on port 5000\x1B[39m\x1B[22m',
  level: 'info',
  label: 'right meow!',
  timestamp: '2023-06-14T18:31:33.083Z'
}
{
  message: '\x1B[1m\x1B[4m\x1B[32mdb Connected successfully \x1B[39m\x1B[24m\x1B[22m',
  level: 'info',
  label: 'right meow!',
  timestamp: '2023-06-14T18:31:35.560Z'
}
{
  message: '\x1B[1m\x1B[32mserver app listening on port 5000\x1B[39m\x1B[22m',
  level: 'info',
  label: 'right meow!',
  timestamp: '2023-06-14T18:31:35.574Z'
}
{
  message: '\x1B[1m\x1B[4m\x1B[32mdb Connected successfully \x1B[39m\x1B[24m\x1B[22m',
  level: 'info',
  label: 'right meow!',
  timestamp: '2023-06-14T18:32:02.518Z'
}
{
  message: '\x1B[1m\x1B[32mserver app listening on port 5000\x1B[39m\x1B[22m',
  level: 'info',
  label: 'right meow!',
  timestamp: '2023-06-14T18:32:02.538Z'
}
{
  message: '\x1B[1m\x1B[4m\x1B[32mdb Connected successfully \x1B[39m\x1B[24m\x1B[22m',
  level: 'info',
  label: 'right meow!',
  timestamp: '2023-06-14T18:32:04.904Z'
}
{
  message: '\x1B[1m\x1B[32mserver app listening on port 5000\x1B[39m\x1B[22m',
  level: 'info',
  label: 'right meow!',
  timestamp: '2023-06-14T18:32:04.924Z'
}
{
  message: '\x1B[1m\x1B[4m\x1B[32mdb Connected successfully \x1B[39m\x1B[24m\x1B[22m',
  level: 'info',
  label: 'right meow!',
  timestamp: '2023-06-14T18:32:15.593Z'
}
{
  message: '\x1B[1m\x1B[32mserver app listening on port 5000\x1B[39m\x1B[22m',
  level: 'info',
  label: 'right meow!',
  timestamp: '2023-06-14T18:32:15.610Z'
}
{
  message: '\x1B[1m\x1B[4m\x1B[32mdb Connected successfully \x1B[39m\x1B[24m\x1B[22m',
  level: 'info',
  label: 'right meow!',
  timestamp: '2023-06-14T18:32:29.266Z'
}
{
  message: '\x1B[1m\x1B[32mserver app listening on port 5000\x1B[39m\x1B[22m',
  level: 'info',
  label: 'right meow!',
  timestamp: '2023-06-14T18:32:29.284Z'
}
{
  message: '\x1B[1m\x1B[4m\x1B[32mdb Connected successfully \x1B[39m\x1B[24m\x1B[22m',
  level: 'info',
  label: 'right meow!',
  timestamp: '2023-06-14T18:32:46.332Z'
}
{
  message: '\x1B[1m\x1B[32mserver app listening on port 5000\x1B[39m\x1B[22m',
  level: 'info',
  label: 'right meow!',
  timestamp: '2023-06-14T18:32:46.347Z'
}
{
  message: '\x1B[1m\x1B[4m\x1B[32mdb Connected successfully \x1B[39m\x1B[24m\x1B[22m',
  level: 'info',
  label: 'right meow!',
  timestamp: '2023-06-14T18:32:57.346Z'
}
{
  message: '\x1B[1m\x1B[32mserver app listening on port 5000\x1B[39m\x1B[22m',
  level: 'info',
  label: 'right meow!',
  timestamp: '2023-06-14T18:32:57.363Z'
}
{
  message: '\x1B[1m\x1B[4m\x1B[32mdb Connected successfully \x1B[39m\x1B[24m\x1B[22m',
  level: 'info',
  label: 'right meow!',
  timestamp: '2023-06-14T18:33:07.106Z'
}
{
  message: '\x1B[1m\x1B[32mserver app listening on port 5000\x1B[39m\x1B[22m',
  level: 'info',
  label: 'right meow!',
  timestamp: '2023-06-14T18:33:07.121Z'
}
{
  message: '\x1B[1m\x1B[4m\x1B[32mdb Connected successfully \x1B[39m\x1B[24m\x1B[22m',
  level: 'info',
  label: 'right meow!',
  timestamp: '2023-06-14T18:34:22.602Z'
}
{
  message: '\x1B[1m\x1B[32mserver app listening on port 5000\x1B[39m\x1B[22m',
  level: 'info',
  label: 'right meow!',
  timestamp: '2023-06-14T18:34:22.624Z'
}
{
  message: '\x1B[1m\x1B[4m\x1B[32mdb Connected successfully \x1B[39m\x1B[24m\x1B[22m',
  level: 'info',
  label: 'right meow!',
  timestamp: '2023-06-14T18:34:28.802Z'
}
{
  message: '\x1B[1m\x1B[32mserver app listening on port 5000\x1B[39m\x1B[22m',
  level: 'info',
  label: 'right meow!',
  timestamp: '2023-06-14T18:34:28.818Z'
}
{
  message: '\x1B[1m\x1B[4m\x1B[32mdb Connected successfully \x1B[39m\x1B[24m\x1B[22m',
  level: 'info',
  label: 'right meow!',
  timestamp: '2023-06-14T18:34:42.008Z'
}
{
  message: '\x1B[1m\x1B[32mserver app listening on port 5000\x1B[39m\x1B[22m',
  level: 'info',
  label: 'right meow!',
  timestamp: '2023-06-14T18:34:42.039Z'
}
{
  message: '\x1B[1m\x1B[4m\x1B[32mdb Connected successfully \x1B[39m\x1B[24m\x1B[22m',
  level: 'info',
  label: 'right meow!',
  timestamp: '2023-06-14T18:34:49.039Z'
}
{
  message: '\x1B[1m\x1B[32mserver app listening on port 5000\x1B[39m\x1B[22m',
  level: 'info',
  label: 'right meow!',
  timestamp: '2023-06-14T18:34:49.076Z'
}
{
  message: '\x1B[1m\x1B[4m\x1B[32mdb Connected successfully \x1B[39m\x1B[24m\x1B[22m',
  level: 'info',
  label: 'right meow!',
  timestamp: '2023-06-14T18:34:54.714Z'
}
{
  message: '\x1B[1m\x1B[32mserver app listening on port 5000\x1B[39m\x1B[22m',
  level: 'info',
  label: 'right meow!',
  timestamp: '2023-06-14T18:34:54.732Z'
}
{
  message: '\x1B[1m\x1B[4m\x1B[32mdb Connected successfully \x1B[39m\x1B[24m\x1B[22m',
  level: 'info',
  label: 'right meow!',
  timestamp: '2023-06-14T18:35:15.003Z'
}
{
  message: '\x1B[1m\x1B[32mserver app listening on port 5000\x1B[39m\x1B[22m',
  level: 'info',
  label: 'right meow!',
  timestamp: '2023-06-14T18:35:15.025Z'
}
{
  message: '\x1B[1m\x1B[4m\x1B[32mdb Connected successfully \x1B[39m\x1B[24m\x1B[22m',
  level: 'info',
  label: 'right meow!',
  timestamp: '2023-06-14T18:35:17.765Z'
}
{
  message: '\x1B[1m\x1B[32mserver app listening on port 5000\x1B[39m\x1B[22m',
  level: 'info',
  label: 'right meow!',
  timestamp: '2023-06-14T18:35:17.788Z'
}
{
  message: '\x1B[1m\x1B[4m\x1B[32mdb Connected successfully \x1B[39m\x1B[24m\x1B[22m',
  level: 'info',
  label: 'right meow!',
  timestamp: '2023-06-14T18:35:36.621Z'
}
{
  message: '\x1B[1m\x1B[32mserver app listening on port 5000\x1B[39m\x1B[22m',
  level: 'info',
  label: 'right meow!',
  timestamp: '2023-06-14T18:35:36.637Z'
}
{
  message: '\x1B[1m\x1B[4m\x1B[32mdb Connected successfully \x1B[39m\x1B[24m\x1B[22m',
  level: 'info',
  label: 'right meow!',
  timestamp: '2023-06-14T18:36:05.668Z'
}
{
  message: '\x1B[1m\x1B[32mserver app listening on port 5000\x1B[39m\x1B[22m',
  level: 'info',
  label: 'right meow!',
  timestamp: '2023-06-14T18:36:05.686Z'
}
{
  message: '\x1B[1m\x1B[4m\x1B[32mdb Connected successfully \x1B[39m\x1B[24m\x1B[22m',
  level: 'info',
  label: 'right meow!',
  timestamp: '2023-06-14T18:36:17.830Z'
}
{
  message: '\x1B[1m\x1B[32mserver app listening on port 5000\x1B[39m\x1B[22m',
  level: 'info',
  label: 'right meow!',
  timestamp: '2023-06-14T18:36:17.848Z'
}
{
  message: '\x1B[1m\x1B[4m\x1B[32mdb Connected successfully \x1B[39m\x1B[24m\x1B[22m',
  level: 'info',
  label: 'right meow!',
  timestamp: '2023-06-14T18:36:36.888Z'
}
{
  message: '\x1B[1m\x1B[32mserver app listening on port 5000\x1B[39m\x1B[22m',
  level: 'info',
  label: 'right meow!',
  timestamp: '2023-06-14T18:36:36.903Z'
}
{
  message: '\x1B[1m\x1B[4m\x1B[32mdb Connected successfully \x1B[39m\x1B[24m\x1B[22m',
  level: 'info',
  label: 'right meow!',
  timestamp: '2023-06-14T18:37:01.729Z'
}
{
  message: '\x1B[1m\x1B[32mserver app listening on port 5000\x1B[39m\x1B[22m',
  level: 'info',
  label: 'right meow!',
  timestamp: '2023-06-14T18:37:01.765Z'
}
{
  message: '\x1B[1m\x1B[4m\x1B[32mdb Connected successfully \x1B[39m\x1B[24m\x1B[22m',
  level: 'info',
  label: 'right meow!',
  timestamp: '2023-06-14T18:37:10.479Z'
}
{
  message: '\x1B[1m\x1B[32mserver app listening on port 5000\x1B[39m\x1B[22m',
  level: 'info',
  label: 'right meow!',
  timestamp: '2023-06-14T18:37:10.497Z'
}
{
  message: '\x1B[1m\x1B[4m\x1B[32mdb Connected successfully \x1B[39m\x1B[24m\x1B[22m',
  level: 'info',
  label: 'right meow!',
  timestamp: '2023-06-14T18:37:17.221Z'
}
{
  message: '\x1B[1m\x1B[32mserver app listening on port 5000\x1B[39m\x1B[22m',
  level: 'info',
  label: 'right meow!',
  timestamp: '2023-06-14T18:37:17.239Z'
}
{
  message: '\x1B[1m\x1B[4m\x1B[32mdb Connected successfully \x1B[39m\x1B[24m\x1B[22m',
  level: 'info',
  label: 'right meow!',
  timestamp: '2023-06-14T18:37:20.425Z'
}
{
  message: '\x1B[1m\x1B[32mserver app listening on port 5000\x1B[39m\x1B[22m',
  level: 'info',
  label: 'right meow!',
  timestamp: '2023-06-14T18:37:20.443Z'
}
{
  message: '\x1B[1m\x1B[4m\x1B[32mdb Connected successfully \x1B[39m\x1B[24m\x1B[22m',
  level: 'info',
  label: 'right meow!',
  timestamp: '2023-06-14T18:37:27.649Z'
}
{
  message: '\x1B[1m\x1B[32mserver app listening on port 5000\x1B[39m\x1B[22m',
  level: 'info',
  label: 'right meow!',
  timestamp: '2023-06-14T18:37:27.665Z'
}
{
  message: '\x1B[1m\x1B[4m\x1B[32mdb Connected successfully \x1B[39m\x1B[24m\x1B[22m',
  level: 'info',
  label: 'right meow!',
  timestamp: '2023-06-14T18:37:32.074Z'
}
{
  message: '\x1B[1m\x1B[32mserver app listening on port 5000\x1B[39m\x1B[22m',
  level: 'info',
  label: 'right meow!',
  timestamp: '2023-06-14T18:37:32.091Z'
}
{
  message: '\x1B[1m\x1B[4m\x1B[32mdb Connected successfully \x1B[39m\x1B[24m\x1B[22m',
  level: 'info',
  label: 'right meow!',
  timestamp: '2023-06-14T18:37:45.176Z'
}
{
  message: '\x1B[1m\x1B[32mserver app listening on port 5000\x1B[39m\x1B[22m',
  level: 'info',
  label: 'right meow!',
  timestamp: '2023-06-14T18:37:45.203Z'
}
{
  message: '\x1B[1m\x1B[4m\x1B[32mdb Connected successfully \x1B[39m\x1B[24m\x1B[22m',
  level: 'info',
  label: 'right meow!',
  timestamp: '2023-06-14T18:37:51.973Z'
}
{
  message: '\x1B[1m\x1B[32mserver app listening on port 5000\x1B[39m\x1B[22m',
  level: 'info',
  label: 'right meow!',
  timestamp: '2023-06-14T18:37:51.993Z'
}
{
  message: '\x1B[1m\x1B[4m\x1B[32mdb Connected successfully \x1B[39m\x1B[24m\x1B[22m',
  level: 'info',
  label: 'right meow!',
  timestamp: '2023-06-14T18:38:24.927Z'
}
{
  message: '\x1B[1m\x1B[32mserver app listening on port 5000\x1B[39m\x1B[22m',
  level: 'info',
  label: 'right meow!',
  timestamp: '2023-06-14T18:38:24.947Z'
}
{
  message: '\x1B[1m\x1B[4m\x1B[32mdb Connected successfully \x1B[39m\x1B[24m\x1B[22m',
  level: 'info',
  label: 'right meow!',
  timestamp: '2023-06-14T18:38:27.096Z'
}
{
  message: '\x1B[1m\x1B[32mserver app listening on port 5000\x1B[39m\x1B[22m',
  level: 'info',
  label: 'right meow!',
  timestamp: '2023-06-14T18:38:27.111Z'
}
{
  message: '\x1B[1m\x1B[4m\x1B[32mdb Connected successfully \x1B[39m\x1B[24m\x1B[22m',
  level: 'info',
  label: 'right meow!',
  timestamp: '2023-06-14T18:38:33.617Z'
}
{
  message: '\x1B[1m\x1B[32mserver app listening on port 5000\x1B[39m\x1B[22m',
  level: 'info',
  label: 'right meow!',
  timestamp: '2023-06-14T18:38:33.726Z'
}
{
  message: '\x1B[1m\x1B[4m\x1B[32mdb Connected successfully \x1B[39m\x1B[24m\x1B[22m',
  level: 'info',
  label: 'right meow!',
  timestamp: '2023-06-14T18:38:51.712Z'
}
{
  message: '\x1B[1m\x1B[32mserver app listening on port 5000\x1B[39m\x1B[22m',
  level: 'info',
  label: 'right meow!',
  timestamp: '2023-06-14T18:38:51.736Z'
}
{
  message: '\x1B[1m\x1B[4m\x1B[32mdb Connected successfully \x1B[39m\x1B[24m\x1B[22m',
  level: 'info',
  label: 'right meow!',
  timestamp: '2023-06-14T18:39:09.079Z'
}
{
  message: '\x1B[1m\x1B[32mserver app listening on port 5000\x1B[39m\x1B[22m',
  level: 'info',
  label: 'right meow!',
  timestamp: '2023-06-14T18:39:09.095Z'
}
{
  message: '\x1B[1m\x1B[4m\x1B[32mdb Connected successfully \x1B[39m\x1B[24m\x1B[22m',
  level: 'info',
  label: 'right meow!',
  timestamp: '2023-06-14T18:40:20.241Z'
}
{
  message: '\x1B[1m\x1B[32mserver app listening on port 5000\x1B[39m\x1B[22m',
  level: 'info',
  label: 'right meow!',
  timestamp: '2023-06-14T18:40:20.258Z'
}
{
  message: '\x1B[1m\x1B[4m\x1B[32mdb Connected successfully \x1B[39m\x1B[24m\x1B[22m',
  level: 'info',
  label: 'right meow!',
  timestamp: '2023-06-14T18:41:49.391Z'
}
{
  message: '\x1B[1m\x1B[32mserver app listening on port 5000\x1B[39m\x1B[22m',
  level: 'info',
  label: 'right meow!',
  timestamp: '2023-06-14T18:41:49.405Z'
}
{
  message: '\x1B[1m\x1B[4m\x1B[32mdb Connected successfully \x1B[39m\x1B[24m\x1B[22m',
  level: 'info',
  label: 'right meow!',
  timestamp: '2023-06-14T18:41:56.239Z'
}
{
  message: '\x1B[1m\x1B[32mserver app listening on port 5000\x1B[39m\x1B[22m',
  level: 'info',
  label: 'right meow!',
  timestamp: '2023-06-14T18:41:56.256Z'
}
{
  message: '\x1B[1m\x1B[4m\x1B[32mdb Connected successfully \x1B[39m\x1B[24m\x1B[22m',
  level: 'info',
  label: 'right meow!',
  timestamp: '2023-06-14T18:43:08.827Z'
}
{
  message: '\x1B[1m\x1B[32mserver app listening on port 5000\x1B[39m\x1B[22m',
  level: 'info',
  label: 'right meow!',
  timestamp: '2023-06-14T18:43:08.846Z'
}
{
  message: '\x1B[1m\x1B[4m\x1B[32mdb Connected successfully \x1B[39m\x1B[24m\x1B[22m',
  level: 'info',
  label: 'right meow!',
  timestamp: '2023-06-14T18:43:27.171Z'
}
{
  message: '\x1B[1m\x1B[32mserver app listening on port 5000\x1B[39m\x1B[22m',
  level: 'info',
  label: 'right meow!',
  timestamp: '2023-06-14T18:43:27.185Z'
}
{
  message: '\x1B[1m\x1B[4m\x1B[32mdb Connected successfully \x1B[39m\x1B[24m\x1B[22m',
  level: 'info',
  label: 'right meow!',
  timestamp: '2023-06-14T18:43:35.810Z'
}
{
  message: '\x1B[1m\x1B[32mserver app listening on port 5000\x1B[39m\x1B[22m',
  level: 'info',
  label: 'right meow!',
  timestamp: '2023-06-14T18:43:35.866Z'
}
{
  message: '\x1B[1m\x1B[4m\x1B[32mdb Connected successfully \x1B[39m\x1B[24m\x1B[22m',
  level: 'info',
  label: 'right meow!',
  timestamp: '2023-06-14T18:43:44.281Z'
}
{
  message: '\x1B[1m\x1B[32mserver app listening on port 5000\x1B[39m\x1B[22m',
  level: 'info',
  label: 'right meow!',
  timestamp: '2023-06-14T18:43:44.306Z'
}
{
  message: '\x1B[1m\x1B[4m\x1B[32mdb Connected successfully \x1B[39m\x1B[24m\x1B[22m',
  level: 'info',
  label: 'right meow!',
  timestamp: '2023-06-14T18:46:09.329Z'
}
{
  message: '\x1B[1m\x1B[32mserver app listening on port 5000\x1B[39m\x1B[22m',
  level: 'info',
  label: 'right meow!',
  timestamp: '2023-06-14T18:46:09.347Z'
}
{
  message: '\x1B[1m\x1B[4m\x1B[32mdb Connected successfully \x1B[39m\x1B[24m\x1B[22m',
  level: 'info',
  label: 'right meow!',
  timestamp: '2023-06-14T18:46:15.809Z'
}
{
  message: '\x1B[1m\x1B[32mserver app listening on port 5000\x1B[39m\x1B[22m',
  level: 'info',
  label: 'right meow!',
  timestamp: '2023-06-14T18:46:15.825Z'
}
{
  message: '\x1B[1m\x1B[4m\x1B[32mdb Connected successfully \x1B[39m\x1B[24m\x1B[22m',
  level: 'info',
  label: 'right meow!',
  timestamp: '2023-06-14T18:46:37.013Z'
}
{
  message: '\x1B[1m\x1B[32mserver app listening on port 5000\x1B[39m\x1B[22m',
  level: 'info',
  label: 'right meow!',
  timestamp: '2023-06-14T18:46:37.031Z'
}
{
  message: '\x1B[1m\x1B[4m\x1B[32mdb Connected successfully \x1B[39m\x1B[24m\x1B[22m',
  level: 'info',
  label: 'right meow!',
  timestamp: '2023-06-14T18:47:53.481Z'
}
{
  message: '\x1B[1m\x1B[32mserver app listening on port 5000\x1B[39m\x1B[22m',
  level: 'info',
  label: 'right meow!',
  timestamp: '2023-06-14T18:47:53.495Z'
}
{
  message: '\x1B[1m\x1B[4m\x1B[32mdb Connected successfully \x1B[39m\x1B[24m\x1B[22m',
  level: 'info',
  label: 'right meow!',
  timestamp: '2023-06-14T18:49:01.336Z'
}
{
  message: '\x1B[1m\x1B[32mserver app listening on port 5000\x1B[39m\x1B[22m',
  level: 'info',
  label: 'right meow!',
  timestamp: '2023-06-14T18:49:01.351Z'
}
