{"level":"info","message":"db Connected successfully "}
{"level":"info","message":"server app listening on port 5000"}
{"level":"info","message":"db Connected successfully "}
{"level":"info","message":"server app listening on port 5000"}
{"level":"info","message":"db Connected successfully "}
{"level":"info","message":"server app listening on port 5000"}
{"level":"info","message":"db Connected successfully "}
{"level":"info","message":"server app listening on port 5000"}
{"level":"info","message":"db Connected successfully "}
{"level":"info","message":"server app listening on port 5000"}
{"level":"info","message":"db Connected successfully "}
{"level":"info","message":"server app listening on port 5000"}
{"level":"info","message":"db Connected successfully "}
{"level":"info","message":"server app listening on port 5000"}
{"level":"info","message":"db Connected successfully "}
{"level":"info","message":"server app listening on port 5000"}
{"level":"info","message":"db Connected successfully "}
{"level":"info","message":"server app listening on port 5000"}
{"level":"info","message":"db Connected successfully "}
{"level":"info","message":"server app listening on port 5000"}
{"level":"info","message":"db Connected successfully "}
{"level":"info","message":"server app listening on port 5000"}
2023-06-06T19:24:48.574Z [right meow!] info: db Connected successfully 
2023-06-06T19:24:48.584Z [right meow!] info: server app listening on port 5000
2023-06-06T19:24:54.251Z [right meow!] info: db Connected successfully 
2023-06-06T19:24:54.260Z [right meow!] info: server app listening on port 5000
2023-06-06T19:25:29.872Z [right meow!] info: db Connected successfully 
2023-06-06T19:25:29.881Z [right meow!] info: server app listening on port 5000
2023-06-06T19:25:49.329Z [right meow!] info: db Connected successfully 
2023-06-06T19:25:49.338Z [right meow!] info: server app listening on port 5000
2023-06-06T19:27:45.515Z [right meow!] info: db Connected successfully 
2023-06-06T19:27:45.529Z [right meow!] info: server app listening on port 5000
2023-06-06T19:28:09.552Z [right meow!] info: db Connected successfully 
2023-06-06T19:28:09.573Z [right meow!] info: server app listening on port 5000
2023-06-06T19:28:36.639Z [right meow!] info: db Connected successfully 
2023-06-06T19:28:36.652Z [right meow!] info: server app listening on port 5000
2023-06-06T19:28:50.163Z [right meow!] info: db Connected successfully 
2023-06-06T19:28:50.174Z [right meow!] info: server app listening on port 5000
2023-06-06T19:29:06.945Z [right meow!] info: db Connected successfully 
2023-06-06T19:29:06.962Z [right meow!] info: server app listening on port 5000
undefined [right meow!] info: db Connected successfully 
undefined [right meow!] info: server app listening on port 5000
Wed Jun 07 2023 [right meow!] info: db Connected successfully 
Wed Jun 07 2023 [right meow!] info: server app listening on port 5000
Wed Jun 07 2023,1 [right meow!] info: db Connected successfully 
Wed Jun 07 2023,1 [right meow!] info: server app listening on port 5000
Wed Jun 07 2023,1: [right meow!] info: db Connected successfully 
Wed Jun 07 2023,1: [right meow!] info: server app listening on port 5000
Wed Jun 07 2023,1:30 [right meow!] info: db Connected successfully 
Wed Jun 07 2023,1:30 [right meow!] info: server app listening on port 5000
Wed Jun 07 2023,1:30:14 [right meow!] info: db Connected successfully 
Wed Jun 07 2023,1:30:14 [right meow!] info: server app listening on port 5000
Wed Jun 07 2023,1:30:41 [right meow!] info: [1m[4m[32mdb Connected successfully [39m[24m[22m
Wed Jun 07 2023,1:30:41 [right meow!] info: server app listening on port 5000
Wed Jun 07 2023,1:31:0 [right meow!] info: [1m[4m[32mdb Connected successfully [39m[24m[22m
Wed Jun 07 2023,1:31:0 [right meow!] info: [1m[32mserver app listening on port 5000[39m[22m
Wed Jun 07 2023,1:31:7 [right meow!] info: [1m[4m[32mdb Connected successfully [39m[24m[22m
Wed Jun 07 2023,1:31:7 [right meow!] info: [1m[32mserver app listening on port 5000[39m[22m
Wed Jun 07 2023,1:31:20 [right meow!] info: [1m[4m[32mdb Connected successfully [39m[24m[22m
Wed Jun 07 2023,1:31:20 [right meow!] info: [1m[32mserver app listening on port 5000[39m[22m
Wed Jun 07 2023,1:32:59 [right meow!] info: [1m[4m[32mdb Connected successfully [39m[24m[22m
Wed Jun 07 2023,1:32:59 [right meow!] info: [1m[32mserver app listening on port 5000[39m[22m
{
  message: '\x1B[1m\x1B[4m\x1B[32mdb Connected successfully \x1B[39m\x1B[24m\x1B[22m',
  level: 'info',
  label: 'right meow!',
  timestamp: '2023-06-06T19:33:57.942Z'
}
{
  message: '\x1B[1m\x1B[32mserver app listening on port 5000\x1B[39m\x1B[22m',
  level: 'info',
  label: 'right meow!',
  timestamp: '2023-06-06T19:33:57.964Z'
}
{
  message: '\x1B[1m\x1B[4m\x1B[32mdb Connected successfully \x1B[39m\x1B[24m\x1B[22m',
  level: 'info',
  label: 'right meow!',
  timestamp: '2023-06-06T19:34:24.150Z'
}
{
  message: '\x1B[1m\x1B[32mserver app listening on port 5000\x1B[39m\x1B[22m',
  level: 'info',
  label: 'right meow!',
  timestamp: '2023-06-06T19:34:24.171Z'
}
{
  message: '\x1B[1m\x1B[4m\x1B[32mdb Connected successfully \x1B[39m\x1B[24m\x1B[22m',
  level: 'info',
  label: 'right meow!',
  timestamp: '2023-06-06T20:05:23.442Z'
}
{
  message: '\x1B[1m\x1B[32mserver app listening on port 5000\x1B[39m\x1B[22m',
  level: 'info',
  label: 'right meow!',
  timestamp: '2023-06-06T20:05:23.462Z'
}
{
  message: '\x1B[1m\x1B[4m\x1B[32mdb Connected successfully \x1B[39m\x1B[24m\x1B[22m',
  level: 'info',
  label: 'right meow!',
  timestamp: '2023-06-06T20:05:50.435Z'
}
{
  message: '\x1B[1m\x1B[32mserver app listening on port 5000\x1B[39m\x1B[22m',
  level: 'info',
  label: 'right meow!',
  timestamp: '2023-06-06T20:05:50.454Z'
}
{
  message: '\x1B[1m\x1B[4m\x1B[32mdb Connected successfully \x1B[39m\x1B[24m\x1B[22m',
  level: 'info',
  label: 'right meow!',
  timestamp: '2023-06-06T20:06:06.575Z'
}
{
  message: '\x1B[1m\x1B[32mserver app listening on port 5000\x1B[39m\x1B[22m',
  level: 'info',
  label: 'right meow!',
  timestamp: '2023-06-06T20:06:06.591Z'
}
